<?xml version="1.0" encoding="UTF-8"?>
<coverage generated="1682703748836" clover="3.2.0">
  <project timestamp="1682703748836" name="All files">
    <metrics statements="28" coveredstatements="26" conditionals="12" coveredconditionals="11" methods="13" coveredmethods="10" elements="53" coveredelements="47" complexity="0" loc="28" ncloc="28" packages="6" files="7" classes="7"/>
    <package name="components.Breadcrumb">
      <metrics statements="4" coveredstatements="4" conditionals="2" coveredconditionals="2" methods="2" coveredmethods="2"/>
      <file name="Breadcrumb.tsx" path="/Users/jimmy/Documents/GitHub/ml-challenge/packages/detail/src/components/Breadcrumb/Breadcrumb.tsx">
        <metrics statements="4" coveredstatements="4" conditionals="2" coveredconditionals="2" methods="2" coveredmethods="2"/>
        <line num="9" count="2" type="stmt"/>
        <line num="10" count="3" type="cond" truecount="2" falsecount="0"/>
        <line num="12" count="2" type="stmt"/>
        <line num="15" count="5" type="stmt"/>
      </file>
    </package>
    <package name="components.RowItem">
      <metrics statements="3" coveredstatements="3" conditionals="2" coveredconditionals="2" methods="2" coveredmethods="2"/>
      <file name="RowItem.tsx" path="/Users/jimmy/Documents/GitHub/ml-challenge/packages/detail/src/components/RowItem/RowItem.tsx">
        <metrics statements="3" coveredstatements="3" conditionals="2" coveredconditionals="2" methods="2" coveredmethods="2"/>
        <line num="13" count="1" type="stmt"/>
        <line num="14" count="2" type="stmt"/>
        <line num="18" count="1" type="stmt"/>
      </file>
    </package>
    <package name="hooks">
      <metrics statements="7" coveredstatements="7" conditionals="2" coveredconditionals="1" methods="2" coveredmethods="2"/>
      <file name="useGetDetail.tsx" path="/Users/jimmy/Documents/GitHub/ml-challenge/packages/detail/src/hooks/useGetDetail.tsx">
        <metrics statements="7" coveredstatements="7" conditionals="2" coveredconditionals="1" methods="2" coveredmethods="2"/>
        <line num="8" count="2" type="stmt"/>
        <line num="13" count="2" type="stmt"/>
        <line num="14" count="2" type="stmt"/>
        <line num="15" count="2" type="stmt"/>
        <line num="17" count="2" type="stmt"/>
        <line num="18" count="2" type="cond" truecount="1" falsecount="1"/>
        <line num="21" count="2" type="stmt"/>
      </file>
    </package>
    <package name="pages.ItemDetail">
      <metrics statements="7" coveredstatements="6" conditionals="4" coveredconditionals="4" methods="2" coveredmethods="1"/>
      <file name="ItemDetail.page.tsx" path="/Users/jimmy/Documents/GitHub/ml-challenge/packages/detail/src/pages/ItemDetail/ItemDetail.page.tsx">
        <metrics statements="7" coveredstatements="6" conditionals="4" coveredconditionals="4" methods="2" coveredmethods="1"/>
        <line num="10" count="1" type="stmt"/>
        <line num="11" count="3" type="stmt"/>
        <line num="12" count="3" type="stmt"/>
        <line num="14" count="3" type="cond" truecount="2" falsecount="0"/>
        <line num="15" count="2" type="cond" truecount="2" falsecount="0"/>
        <line num="17" count="1" type="stmt"/>
        <line num="20" count="0" type="stmt"/>
      </file>
    </package>
    <package name="services">
      <metrics statements="2" coveredstatements="1" conditionals="0" coveredconditionals="0" methods="4" coveredmethods="2"/>
      <file name="items.service.ts" path="/Users/jimmy/Documents/GitHub/ml-challenge/packages/detail/src/services/items.service.ts">
        <metrics statements="2" coveredstatements="1" conditionals="0" coveredconditionals="0" methods="4" coveredmethods="2"/>
        <line num="5" count="2" type="stmt"/>
        <line num="9" count="0" type="stmt"/>
      </file>
    </package>
    <package name="utilities">
      <metrics statements="5" coveredstatements="5" conditionals="2" coveredconditionals="2" methods="1" coveredmethods="1"/>
      <file name="axiosApi.ts" path="/Users/jimmy/Documents/GitHub/ml-challenge/packages/detail/src/utilities/axiosApi.ts">
        <metrics statements="1" coveredstatements="1" conditionals="0" coveredconditionals="0" methods="0" coveredmethods="0"/>
        <line num="3" count="1" type="stmt"/>
      </file>
      <file name="currencyFormatter.ts" path="/Users/jimmy/Documents/GitHub/ml-challenge/packages/detail/src/utilities/currencyFormatter.ts">
        <metrics statements="4" coveredstatements="4" conditionals="2" coveredconditionals="2" methods="1" coveredmethods="1"/>
        <line num="1" count="3" type="stmt"/>
        <line num="6" count="3" type="stmt"/>
        <line num="11" count="5" type="stmt"/>
        <line num="16" count="5" type="stmt"/>
      </file>
    </package>
  </project>
</coverage>
