{"/Users/jimmy/Documents/GitHub/ml-challenge/packages/detail/src/components/Breadcrumb/Breadcrumb.tsx": {"path":"/Users/jimmy/Documents/GitHub/ml-challenge/packages/detail/src/components/Breadcrumb/Breadcrumb.tsx","statementMap":{"0":{"start":{"line":9,"column":37},"end":{"line":23,"column":1}},"1":{"start":{"line":10,"column":2},"end":{"line":10,"column":40}},"2":{"start":{"line":10,"column":27},"end":{"line":10,"column":40}},"3":{"start":{"line":12,"column":2},"end":{"line":22,"column":4}},"4":{"start":{"line":15,"column":8},"end":{"line":19,"column":13}}},"fnMap":{"0":{"name":"(anonymous_0)","decl":{"start":{"line":9,"column":37},"end":{"line":9,"column":38}},"loc":{"start":{"line":9,"column":51},"end":{"line":23,"column":1}},"line":9},"1":{"name":"(anonymous_1)","decl":{"start":{"line":14,"column":16},"end":{"line":14,"column":17}},"loc":{"start":{"line":15,"column":8},"end":{"line":19,"column":13}},"line":15}},"branchMap":{"0":{"loc":{"start":{"line":10,"column":2},"end":{"line":10,"column":40}},"type":"if","locations":[{"start":{"line":10,"column":2},"end":{"line":10,"column":40}},{"start":{},"end":{}}],"line":10}},"s":{"0":2,"1":3,"2":1,"3":2,"4":5},"f":{"0":3,"1":5},"b":{"0":[1,2]},"_coverageSchema":"1a1c01bbd47fc00a2c39e90264f33305004495a9","hash":"ca920ab11a69b7aa19f694c544306860cf16f66c"}
,"/Users/jimmy/Documents/GitHub/ml-challenge/packages/detail/src/components/RowItem/RowItem.tsx": {"path":"/Users/jimmy/Documents/GitHub/ml-challenge/packages/detail/src/components/RowItem/RowItem.tsx","statementMap":{"0":{"start":{"line":13,"column":34},"end":{"line":42,"column":1}},"1":{"start":{"line":14,"column":2},"end":{"line":41,"column":4}},"2":{"start":{"line":18,"column":21},"end":{"line":18,"column":33}}},"fnMap":{"0":{"name":"(anonymous_0)","decl":{"start":{"line":13,"column":34},"end":{"line":13,"column":35}},"loc":{"start":{"line":13,"column":56},"end":{"line":42,"column":1}},"line":13},"1":{"name":"(anonymous_1)","decl":{"start":{"line":18,"column":15},"end":{"line":18,"column":16}},"loc":{"start":{"line":18,"column":21},"end":{"line":18,"column":33}},"line":18}},"branchMap":{"0":{"loc":{"start":{"line":32,"column":13},"end":{"line":32,"column":73}},"type":"binary-expr","locations":[{"start":{"line":32,"column":13},"end":{"line":32,"column":31}},{"start":{"line":32,"column":35},"end":{"line":32,"column":73}}],"line":32}},"s":{"0":1,"1":2,"2":1},"f":{"0":2,"1":1},"b":{"0":[2,2]},"_coverageSchema":"1a1c01bbd47fc00a2c39e90264f33305004495a9","hash":"6df3aaf13d071a74bfa4fcc159d7f2b6235ce622"}
,"/Users/jimmy/Documents/GitHub/ml-challenge/packages/detail/src/hooks/useGetDetail.tsx": {"path":"/Users/jimmy/Documents/GitHub/ml-challenge/packages/detail/src/hooks/useGetDetail.tsx","statementMap":{"0":{"start":{"line":8,"column":28},"end":{"line":22,"column":1}},"1":{"start":{"line":13,"column":17},"end":{"line":13,"column":28}},"2":{"start":{"line":14,"column":19},"end":{"line":14,"column":35}},"3":{"start":{"line":15,"column":42},"end":{"line":15,"column":70}},"4":{"start":{"line":17,"column":2},"end":{"line":19,"column":11}},"5":{"start":{"line":18,"column":4},"end":{"line":18,"column":41}},"6":{"start":{"line":21,"column":2},"end":{"line":21,"column":41}}},"fnMap":{"0":{"name":"(anonymous_0)","decl":{"start":{"line":8,"column":28},"end":{"line":8,"column":29}},"loc":{"start":{"line":12,"column":5},"end":{"line":22,"column":1}},"line":12},"1":{"name":"(anonymous_1)","decl":{"start":{"line":17,"column":12},"end":{"line":17,"column":13}},"loc":{"start":{"line":17,"column":18},"end":{"line":19,"column":3}},"line":17}},"branchMap":{"0":{"loc":{"start":{"line":18,"column":30},"end":{"line":18,"column":38}},"type":"binary-expr","locations":[{"start":{"line":18,"column":30},"end":{"line":18,"column":32}},{"start":{"line":18,"column":36},"end":{"line":18,"column":38}}],"line":18}},"s":{"0":2,"1":2,"2":2,"3":2,"4":2,"5":2,"6":2},"f":{"0":2,"1":2},"b":{"0":[2,0]},"_coverageSchema":"1a1c01bbd47fc00a2c39e90264f33305004495a9","hash":"7fa5fde1e87e84a494697e0bd76c484952ea37df"}
,"/Users/jimmy/Documents/GitHub/ml-challenge/packages/detail/src/pages/ItemDetail/ItemDetail.page.tsx": {"path":"/Users/jimmy/Documents/GitHub/ml-challenge/packages/detail/src/pages/ItemDetail/ItemDetail.page.tsx","statementMap":{"0":{"start":{"line":10,"column":30},"end":{"line":61,"column":1}},"1":{"start":{"line":11,"column":19},"end":{"line":11,"column":32}},"2":{"start":{"line":12,"column":42},"end":{"line":12,"column":56}},"3":{"start":{"line":14,"column":2},"end":{"line":14,"column":49}},"4":{"start":{"line":14,"column":15},"end":{"line":14,"column":49}},"5":{"start":{"line":15,"column":2},"end":{"line":15,"column":77}},"6":{"start":{"line":15,"column":22},"end":{"line":15,"column":77}},"7":{"start":{"line":17,"column":2},"end":{"line":60,"column":4}},"8":{"start":{"line":20,"column":31},"end":{"line":20,"column":43}}},"fnMap":{"0":{"name":"(anonymous_0)","decl":{"start":{"line":10,"column":30},"end":{"line":10,"column":31}},"loc":{"start":{"line":10,"column":36},"end":{"line":61,"column":1}},"line":10},"1":{"name":"(anonymous_1)","decl":{"start":{"line":20,"column":25},"end":{"line":20,"column":26}},"loc":{"start":{"line":20,"column":31},"end":{"line":20,"column":43}},"line":20}},"branchMap":{"0":{"loc":{"start":{"line":14,"column":2},"end":{"line":14,"column":49}},"type":"if","locations":[{"start":{"line":14,"column":2},"end":{"line":14,"column":49}},{"start":{},"end":{}}],"line":14},"1":{"loc":{"start":{"line":15,"column":2},"end":{"line":15,"column":77}},"type":"if","locations":[{"start":{"line":15,"column":2},"end":{"line":15,"column":77}},{"start":{},"end":{}}],"line":15}},"s":{"0":1,"1":3,"2":3,"3":3,"4":1,"5":2,"6":1,"7":1,"8":0},"f":{"0":3,"1":0},"b":{"0":[1,2],"1":[1,1]},"_coverageSchema":"1a1c01bbd47fc00a2c39e90264f33305004495a9","hash":"6a1b455660859a24f03b5fedd24966c481090288"}
,"/Users/jimmy/Documents/GitHub/ml-challenge/packages/detail/src/services/items.service.ts": {"path":"/Users/jimmy/Documents/GitHub/ml-challenge/packages/detail/src/services/items.service.ts","statementMap":{"0":{"start":{"line":5,"column":2},"end":{"line":5,"column":62}},"1":{"start":{"line":5,"column":56},"end":{"line":5,"column":60}},"2":{"start":{"line":9,"column":2},"end":{"line":9,"column":51}},"3":{"start":{"line":9,"column":45},"end":{"line":9,"column":49}}},"fnMap":{"0":{"name":"getItems","decl":{"start":{"line":4,"column":16},"end":{"line":4,"column":24}},"loc":{"start":{"line":4,"column":64},"end":{"line":6,"column":1}},"line":4},"1":{"name":"(anonymous_1)","decl":{"start":{"line":5,"column":42},"end":{"line":5,"column":43}},"loc":{"start":{"line":5,"column":56},"end":{"line":5,"column":60}},"line":5},"2":{"name":"getItemDetail","decl":{"start":{"line":8,"column":22},"end":{"line":8,"column":35}},"loc":{"start":{"line":8,"column":71},"end":{"line":10,"column":1}},"line":8},"3":{"name":"(anonymous_3)","decl":{"start":{"line":9,"column":31},"end":{"line":9,"column":32}},"loc":{"start":{"line":9,"column":45},"end":{"line":9,"column":49}},"line":9}},"branchMap":{},"s":{"0":2,"1":2,"2":0,"3":0},"f":{"0":2,"1":2,"2":0,"3":0},"b":{},"_coverageSchema":"1a1c01bbd47fc00a2c39e90264f33305004495a9","hash":"f01f8beffe250701ade22b969c95aa3edeb2443a"}
,"/Users/jimmy/Documents/GitHub/ml-challenge/packages/detail/src/utilities/axiosApi.ts": {"path":"/Users/jimmy/Documents/GitHub/ml-challenge/packages/detail/src/utilities/axiosApi.ts","statementMap":{"0":{"start":{"line":3,"column":24},"end":{"line":5,"column":2}}},"fnMap":{},"branchMap":{},"s":{"0":1},"f":{},"b":{},"_coverageSchema":"1a1c01bbd47fc00a2c39e90264f33305004495a9","hash":"d88847effc90d4e7f21dab2a6b49c64844ea44bd"}
,"/Users/jimmy/Documents/GitHub/ml-challenge/packages/detail/src/utilities/currencyFormatter.ts": {"path":"/Users/jimmy/Documents/GitHub/ml-challenge/packages/detail/src/utilities/currencyFormatter.ts","statementMap":{"0":{"start":{"line":1,"column":27},"end":{"line":5,"column":1}},"1":{"start":{"line":6,"column":30},"end":{"line":17,"column":1}},"2":{"start":{"line":11,"column":25},"end":{"line":15,"column":4}},"3":{"start":{"line":16,"column":2},"end":{"line":16,"column":39}}},"fnMap":{"0":{"name":"(anonymous_0)","decl":{"start":{"line":6,"column":30},"end":{"line":6,"column":31}},"loc":{"start":{"line":10,"column":5},"end":{"line":17,"column":1}},"line":10}},"branchMap":{"0":{"loc":{"start":{"line":8,"column":2},"end":{"line":8,"column":48}},"type":"default-arg","locations":[{"start":{"line":8,"column":21},"end":{"line":8,"column":48}}],"line":8},"1":{"loc":{"start":{"line":9,"column":2},"end":{"line":9,"column":74}},"type":"default-arg","locations":[{"start":{"line":9,"column":34},"end":{"line":9,"column":74}}],"line":9}},"s":{"0":3,"1":3,"2":5,"3":5},"f":{"0":5},"b":{"0":[1],"1":[1]},"_coverageSchema":"1a1c01bbd47fc00a2c39e90264f33305004495a9","hash":"8aa283fe0ef7a9a407d8b5f7f69646ca4a05a54c"}
}
