TN:
SF:src/components/Breadcrumb/Breadcrumb.tsx
FN:9,(anonymous_0)
FN:14,(anonymous_1)
FNF:2
FNH:2
FNDA:3,(anonymous_0)
FNDA:5,(anonymous_1)
DA:9,2
DA:10,3
DA:12,2
DA:15,5
LF:4
LH:4
BRDA:10,0,0,1
BRDA:10,0,1,2
BRF:2
BRH:2
end_of_record
TN:
SF:src/components/RowItem/RowItem.tsx
FN:13,(anonymous_0)
FN:18,(anonymous_1)
FNF:2
FNH:2
FNDA:2,(anonymous_0)
FNDA:1,(anonymous_1)
DA:13,1
DA:14,2
DA:18,1
LF:3
LH:3
BRDA:32,0,0,2
BRDA:32,0,1,2
BRF:2
BRH:2
end_of_record
TN:
SF:src/hooks/useGetDetail.tsx
FN:8,(anonymous_0)
FN:17,(anonymous_1)
FNF:2
FNH:2
FNDA:2,(anonymous_0)
FNDA:2,(anonymous_1)
DA:8,2
DA:13,2
DA:14,2
DA:15,2
DA:17,2
DA:18,2
DA:21,2
LF:7
LH:7
BRDA:18,0,0,2
BRDA:18,0,1,0
BRF:2
BRH:1
end_of_record
TN:
SF:src/pages/ItemDetail/ItemDetail.page.tsx
FN:10,(anonymous_0)
FN:20,(anonymous_1)
FNF:2
FNH:1
FNDA:3,(anonymous_0)
FNDA:0,(anonymous_1)
DA:10,1
DA:11,3
DA:12,3
DA:14,3
DA:15,2
DA:17,1
DA:20,0
LF:7
LH:6
BRDA:14,0,0,1
BRDA:14,0,1,2
BRDA:15,1,0,1
BRDA:15,1,1,1
BRF:4
BRH:4
end_of_record
TN:
SF:src/services/items.service.ts
FN:4,getItems
FN:5,(anonymous_1)
FN:8,getItemDetail
FN:9,(anonymous_3)
FNF:4
FNH:2
FNDA:2,getItems
FNDA:2,(anonymous_1)
FNDA:0,getItemDetail
FNDA:0,(anonymous_3)
DA:5,2
DA:9,0
LF:2
LH:1
BRF:0
BRH:0
end_of_record
TN:
SF:src/utilities/axiosApi.ts
FNF:0
FNH:0
DA:3,1
LF:1
LH:1
BRF:0
BRH:0
end_of_record
TN:
SF:src/utilities/currencyFormatter.ts
FN:6,(anonymous_0)
FNF:1
FNH:1
FNDA:5,(anonymous_0)
DA:1,3
DA:6,3
DA:11,5
DA:16,5
LF:4
LH:4
BRDA:8,0,0,1
BRDA:9,1,0,1
BRF:2
BRH:2
end_of_record
