<?xml version="1.0" encoding="UTF-8"?>
<coverage generated="1682703857143" clover="3.2.0">
  <project timestamp="1682703857143" name="All files">
    <metrics statements="92" coveredstatements="89" conditionals="15" coveredconditionals="12" methods="23" coveredmethods="20" elements="130" coveredelements="121" complexity="0" loc="92" ncloc="92" packages="8" files="10" classes="10"/>
    <package name="components.Breadcrumb">
      <metrics statements="5" coveredstatements="5" conditionals="1" coveredconditionals="1" methods="2" coveredmethods="2"/>
      <file name="Breadcrumb.tsx" path="/Users/jimmy/Documents/GitHub/ml-challenge/frontend/src/components/Breadcrumb/Breadcrumb.tsx">
        <metrics statements="5" coveredstatements="5" conditionals="1" coveredconditionals="1" methods="2" coveredmethods="2"/>
        <line num="1" count="3" type="stmt"/>
        <line num="9" count="3" type="stmt"/>
        <line num="10" count="4" type="cond" truecount="1" falsecount="0"/>
        <line num="12" count="3" type="stmt"/>
        <line num="15" count="7" type="stmt"/>
      </file>
    </package>
    <package name="components.Header">
      <metrics statements="18" coveredstatements="18" conditionals="0" coveredconditionals="0" methods="5" coveredmethods="5"/>
      <file name="Header.tsx" path="/Users/jimmy/Documents/GitHub/ml-challenge/frontend/src/components/Header/Header.tsx">
        <metrics statements="18" coveredstatements="18" conditionals="0" coveredconditionals="0" methods="5" coveredmethods="5"/>
        <line num="1" count="1" type="stmt"/>
        <line num="3" count="1" type="stmt"/>
        <line num="4" count="1" type="stmt"/>
        <line num="6" count="1" type="stmt"/>
        <line num="7" count="1" type="stmt"/>
        <line num="9" count="1" type="stmt"/>
        <line num="10" count="6" type="stmt"/>
        <line num="11" count="6" type="stmt"/>
        <line num="12" count="6" type="stmt"/>
        <line num="13" count="1" type="stmt"/>
        <line num="14" count="1" type="stmt"/>
        <line num="16" count="6" type="stmt"/>
        <line num="17" count="1" type="stmt"/>
        <line num="18" count="1" type="stmt"/>
        <line num="19" count="1" type="stmt"/>
        <line num="22" count="6" type="stmt"/>
        <line num="32" count="1" type="stmt"/>
        <line num="40" count="2" type="stmt"/>
      </file>
    </package>
    <package name="components.RowItem">
      <metrics statements="6" coveredstatements="6" conditionals="2" coveredconditionals="2" methods="2" coveredmethods="2"/>
      <file name="RowItem.tsx" path="/Users/jimmy/Documents/GitHub/ml-challenge/frontend/src/components/RowItem/RowItem.tsx">
        <metrics statements="6" coveredstatements="6" conditionals="2" coveredconditionals="2" methods="2" coveredmethods="2"/>
        <line num="1" count="2" type="stmt"/>
        <line num="5" count="2" type="stmt"/>
        <line num="7" count="2" type="stmt"/>
        <line num="13" count="2" type="stmt"/>
        <line num="14" count="4" type="stmt"/>
        <line num="18" count="2" type="stmt"/>
      </file>
    </package>
    <package name="hooks">
      <metrics statements="23" coveredstatements="23" conditionals="4" coveredconditionals="2" methods="4" coveredmethods="4"/>
      <file name="useGetDetail.tsx" path="/Users/jimmy/Documents/GitHub/ml-challenge/frontend/src/hooks/useGetDetail.tsx">
        <metrics statements="11" coveredstatements="11" conditionals="2" coveredconditionals="1" methods="2" coveredmethods="2"/>
        <line num="1" count="2" type="stmt"/>
        <line num="2" count="2" type="stmt"/>
        <line num="5" count="2" type="stmt"/>
        <line num="6" count="2" type="stmt"/>
        <line num="8" count="2" type="stmt"/>
        <line num="13" count="2" type="stmt"/>
        <line num="14" count="2" type="stmt"/>
        <line num="15" count="2" type="stmt"/>
        <line num="17" count="2" type="stmt"/>
        <line num="18" count="2" type="cond" truecount="1" falsecount="1"/>
        <line num="21" count="2" type="stmt"/>
      </file>
      <file name="useGetItems.tsx" path="/Users/jimmy/Documents/GitHub/ml-challenge/frontend/src/hooks/useGetItems.tsx">
        <metrics statements="12" coveredstatements="12" conditionals="2" coveredconditionals="1" methods="2" coveredmethods="2"/>
        <line num="1" count="2" type="stmt"/>
        <line num="2" count="2" type="stmt"/>
        <line num="5" count="2" type="stmt"/>
        <line num="6" count="2" type="stmt"/>
        <line num="8" count="2" type="stmt"/>
        <line num="13" count="2" type="stmt"/>
        <line num="14" count="2" type="stmt"/>
        <line num="15" count="2" type="stmt"/>
        <line num="17" count="2" type="stmt"/>
        <line num="18" count="2" type="cond" truecount="1" falsecount="1"/>
        <line num="19" count="2" type="stmt"/>
        <line num="22" count="2" type="stmt"/>
      </file>
    </package>
    <package name="pages.ItemDetail">
      <metrics statements="13" coveredstatements="11" conditionals="2" coveredconditionals="1" methods="2" coveredmethods="1"/>
      <file name="ItemDetail.page.tsx" path="/Users/jimmy/Documents/GitHub/ml-challenge/frontend/src/pages/ItemDetail/ItemDetail.page.tsx">
        <metrics statements="13" coveredstatements="11" conditionals="2" coveredconditionals="1" methods="2" coveredmethods="1"/>
        <line num="1" count="1" type="stmt"/>
        <line num="4" count="1" type="stmt"/>
        <line num="6" count="1" type="stmt"/>
        <line num="7" count="1" type="stmt"/>
        <line num="8" count="1" type="stmt"/>
        <line num="10" count="1" type="stmt"/>
        <line num="11" count="3" type="stmt"/>
        <line num="12" count="3" type="stmt"/>
        <line num="14" count="3" type="cond" truecount="0" falsecount="1"/>
        <line num="15" count="3" type="cond" truecount="1" falsecount="0"/>
        <line num="17" count="0" type="stmt"/>
        <line num="20" count="0" type="stmt"/>
        <line num="63" count="1" type="stmt"/>
      </file>
    </package>
    <package name="pages.ItemList">
      <metrics statements="16" coveredstatements="16" conditionals="4" coveredconditionals="4" methods="3" coveredmethods="3"/>
      <file name="ItemList.page.tsx" path="/Users/jimmy/Documents/GitHub/ml-challenge/frontend/src/pages/ItemList/ItemList.page.tsx">
        <metrics statements="16" coveredstatements="16" conditionals="4" coveredconditionals="4" methods="3" coveredmethods="3"/>
        <line num="1" count="1" type="stmt"/>
        <line num="4" count="1" type="stmt"/>
        <line num="6" count="1" type="stmt"/>
        <line num="7" count="1" type="stmt"/>
        <line num="8" count="1" type="stmt"/>
        <line num="11" count="1" type="stmt"/>
        <line num="12" count="4" type="stmt"/>
        <line num="13" count="4" type="stmt"/>
        <line num="15" count="4" type="stmt"/>
        <line num="16" count="1" type="stmt"/>
        <line num="19" count="4" type="cond" truecount="1" falsecount="0"/>
        <line num="20" count="3" type="cond" truecount="1" falsecount="0"/>
        <line num="21" count="1" type="stmt"/>
        <line num="23" count="2" type="stmt"/>
        <line num="29" count="2" type="stmt"/>
        <line num="39" count="1" type="stmt"/>
      </file>
    </package>
    <package name="services">
      <metrics statements="5" coveredstatements="4" conditionals="0" coveredconditionals="0" methods="4" coveredmethods="2"/>
      <file name="items.service.ts" path="/Users/jimmy/Documents/GitHub/ml-challenge/frontend/src/services/items.service.ts">
        <metrics statements="5" coveredstatements="4" conditionals="0" coveredconditionals="0" methods="4" coveredmethods="2"/>
        <line num="2" count="3" type="stmt"/>
        <line num="4" count="3" type="stmt"/>
        <line num="5" count="2" type="stmt"/>
        <line num="8" count="3" type="stmt"/>
        <line num="9" count="0" type="stmt"/>
      </file>
    </package>
    <package name="utilities">
      <metrics statements="6" coveredstatements="6" conditionals="2" coveredconditionals="2" methods="1" coveredmethods="1"/>
      <file name="axiosApi.ts" path="/Users/jimmy/Documents/GitHub/ml-challenge/frontend/src/utilities/axiosApi.ts">
        <metrics statements="2" coveredstatements="2" conditionals="0" coveredconditionals="0" methods="0" coveredmethods="0"/>
        <line num="1" count="2" type="stmt"/>
        <line num="3" count="2" type="stmt"/>
      </file>
      <file name="currencyFormatter.ts" path="/Users/jimmy/Documents/GitHub/ml-challenge/frontend/src/utilities/currencyFormatter.ts">
        <metrics statements="4" coveredstatements="4" conditionals="2" coveredconditionals="2" methods="1" coveredmethods="1"/>
        <line num="1" count="4" type="stmt"/>
        <line num="6" count="4" type="stmt"/>
        <line num="11" count="6" type="stmt"/>
        <line num="16" count="6" type="stmt"/>
      </file>
    </package>
  </project>
</coverage>
