{
  "/Users/jimmy/Documents/GitHub/ml-challenge/frontend/src/components/Breadcrumb/Breadcrumb.tsx": {
    "path": "/Users/jimmy/Documents/GitHub/ml-challenge/frontend/src/components/Breadcrumb/Breadcrumb.tsx",
    "statementMap": {
      "0": {
        "start": { "line": 1, "column": 0 },
        "end": { "line": 1, "column": 27 }
      },
      "1": {
        "start": { "line": 9, "column": 37 },
        "end": { "line": 23, "column": 1 }
      },
      "2": {
        "start": { "line": 10, "column": 2 },
        "end": { "line": 10, "column": 40 }
      },
      "3": {
        "start": { "line": 10, "column": 27 },
        "end": { "line": 10, "column": 40 }
      },
      "4": {
        "start": { "line": 12, "column": 2 },
        "end": { "line": 22, "column": 4 }
      },
      "5": {
        "start": { "line": 15, "column": 8 },
        "end": { "line": 15, "column": null }
      },
      "6": {
        "start": { "line": 9, "column": 13 },
        "end": { "line": 9, "column": 37 }
      }
    },
    "fnMap": {
      "0": {
        "name": "(anonymous_0)",
        "decl": {
          "start": { "line": 9, "column": 37 },
          "end": { "line": 9, "column": 38 }
        },
        "loc": {
          "start": { "line": 9, "column": 50 },
          "end": { "line": 23, "column": 1 }
        }
      },
      "1": {
        "name": "(anonymous_1)",
        "decl": {
          "start": { "line": 14, "column": 16 },
          "end": { "line": 14, "column": 17 }
        },
        "loc": {
          "start": { "line": 15, "column": 8 },
          "end": { "line": 15, "column": null }
        }
      }
    },
    "branchMap": {
      "0": {
        "loc": {
          "start": { "line": 10, "column": 2 },
          "end": { "line": 10, "column": 40 }
        },
        "type": "if",
        "locations": [
          {
            "start": { "line": 10, "column": 2 },
            "end": { "line": 10, "column": 40 }
          }
        ]
      }
    },
    "s": { "0": 3, "1": 3, "2": 4, "3": 1, "4": 3, "5": 7, "6": 3 },
    "f": { "0": 4, "1": 7 },
    "b": { "0": [1] }
  },
  "/Users/jimmy/Documents/GitHub/ml-challenge/frontend/src/components/Header/Header.tsx": {
    "path": "/Users/jimmy/Documents/GitHub/ml-challenge/frontend/src/components/Header/Header.tsx",
    "statementMap": {
      "0": {
        "start": { "line": 1, "column": 0 },
        "end": { "line": 1, "column": 23 }
      },
      "1": {
        "start": { "line": 3, "column": 0 },
        "end": { "line": 3, "column": 48 }
      },
      "2": {
        "start": { "line": 4, "column": 0 },
        "end": { "line": 4, "column": 47 }
      },
      "3": {
        "start": { "line": 6, "column": 0 },
        "end": { "line": 6, "column": 45 }
      },
      "4": {
        "start": { "line": 7, "column": 0 },
        "end": { "line": 7, "column": 49 }
      },
      "5": {
        "start": { "line": 9, "column": 26 },
        "end": { "line": 54, "column": 1 }
      },
      "6": {
        "start": { "line": 10, "column": 19 },
        "end": { "line": 10, "column": 32 }
      },
      "7": {
        "start": { "line": 11, "column": 30 },
        "end": { "line": 11, "column": 42 }
      },
      "8": {
        "start": { "line": 12, "column": 23 },
        "end": { "line": 15, "column": 3 }
      },
      "9": {
        "start": { "line": 13, "column": 4 },
        "end": { "line": 13, "column": 18 }
      },
      "10": {
        "start": { "line": 14, "column": 4 },
        "end": { "line": 14, "column": 18 }
      },
      "11": {
        "start": { "line": 16, "column": 23 },
        "end": { "line": 20, "column": 3 }
      },
      "12": {
        "start": { "line": 17, "column": 24 },
        "end": { "line": 17, "column": 42 }
      },
      "13": {
        "start": { "line": 18, "column": 4 },
        "end": { "line": 18, "column": 38 }
      },
      "14": {
        "start": { "line": 19, "column": 4 },
        "end": { "line": 19, "column": 23 }
      },
      "15": {
        "start": { "line": 22, "column": 2 },
        "end": { "line": 53, "column": 4 }
      },
      "16": {
        "start": { "line": 32, "column": 27 },
        "end": { "line": 32, "column": 42 }
      },
      "17": {
        "start": { "line": 40, "column": 29 },
        "end": { "line": 40, "column": 54 }
      },
      "18": {
        "start": { "line": 9, "column": 13 },
        "end": { "line": 9, "column": 26 }
      }
    },
    "fnMap": {
      "0": {
        "name": "(anonymous_0)",
        "decl": {
          "start": { "line": 9, "column": 26 },
          "end": { "line": 9, "column": 29 }
        },
        "loc": {
          "start": { "line": 9, "column": 31 },
          "end": { "line": 54, "column": 1 }
        }
      },
      "1": {
        "name": "(anonymous_1)",
        "decl": {
          "start": { "line": 12, "column": 23 },
          "end": { "line": 12, "column": 26 }
        },
        "loc": {
          "start": { "line": 12, "column": 28 },
          "end": { "line": 15, "column": 3 }
        }
      },
      "2": {
        "name": "(anonymous_2)",
        "decl": {
          "start": { "line": 16, "column": 23 },
          "end": { "line": 16, "column": 24 }
        },
        "loc": {
          "start": { "line": 16, "column": 57 },
          "end": { "line": 20, "column": 3 }
        }
      },
      "3": {
        "name": "(anonymous_3)",
        "decl": {
          "start": { "line": 32, "column": 20 },
          "end": { "line": 32, "column": 21 }
        },
        "loc": {
          "start": { "line": 32, "column": 27 },
          "end": { "line": 32, "column": 42 }
        }
      },
      "4": {
        "name": "(anonymous_4)",
        "decl": {
          "start": { "line": 40, "column": 22 },
          "end": { "line": 40, "column": 23 }
        },
        "loc": {
          "start": { "line": 40, "column": 29 },
          "end": { "line": 40, "column": 54 }
        }
      }
    },
    "branchMap": {},
    "s": {
      "0": 1,
      "1": 1,
      "2": 1,
      "3": 1,
      "4": 1,
      "5": 1,
      "6": 6,
      "7": 6,
      "8": 6,
      "9": 1,
      "10": 1,
      "11": 6,
      "12": 1,
      "13": 1,
      "14": 1,
      "15": 6,
      "16": 1,
      "17": 2,
      "18": 1
    },
    "f": { "0": 6, "1": 1, "2": 1, "3": 1, "4": 2 },
    "b": {}
  },
  "/Users/jimmy/Documents/GitHub/ml-challenge/frontend/src/components/RowItem/RowItem.tsx": {
    "path": "/Users/jimmy/Documents/GitHub/ml-challenge/frontend/src/components/RowItem/RowItem.tsx",
    "statementMap": {
      "0": {
        "start": { "line": 1, "column": 0 },
        "end": { "line": 1, "column": 24 }
      },
      "1": {
        "start": { "line": 5, "column": 0 },
        "end": { "line": 5, "column": 53 }
      },
      "2": {
        "start": { "line": 7, "column": 0 },
        "end": { "line": 7, "column": 67 }
      },
      "3": {
        "start": { "line": 13, "column": 34 },
        "end": { "line": 38, "column": 1 }
      },
      "4": {
        "start": { "line": 14, "column": 2 },
        "end": { "line": 37, "column": 4 }
      },
      "5": {
        "start": { "line": 18, "column": 21 },
        "end": { "line": 18, "column": 33 }
      },
      "6": {
        "start": { "line": 13, "column": 13 },
        "end": { "line": 13, "column": 34 }
      }
    },
    "fnMap": {
      "0": {
        "name": "(anonymous_0)",
        "decl": {
          "start": { "line": 13, "column": 34 },
          "end": { "line": 13, "column": 35 }
        },
        "loc": {
          "start": { "line": 13, "column": 55 },
          "end": { "line": 38, "column": 1 }
        }
      },
      "1": {
        "name": "(anonymous_1)",
        "decl": {
          "start": { "line": 18, "column": 15 },
          "end": { "line": 18, "column": 18 }
        },
        "loc": {
          "start": { "line": 18, "column": 21 },
          "end": { "line": 18, "column": 33 }
        }
      }
    },
    "branchMap": {
      "0": {
        "loc": {
          "start": { "line": 28, "column": 13 },
          "end": { "line": 28, "column": 73 }
        },
        "type": "binary-expr",
        "locations": [
          {
            "start": { "line": 28, "column": 13 },
            "end": { "line": 28, "column": 31 }
          },
          {
            "start": { "line": 28, "column": 35 },
            "end": { "line": 28, "column": 73 }
          }
        ]
      }
    },
    "s": { "0": 2, "1": 2, "2": 2, "3": 2, "4": 4, "5": 2, "6": 2 },
    "f": { "0": 4, "1": 2 },
    "b": { "0": [4, 4] }
  },
  "/Users/jimmy/Documents/GitHub/ml-challenge/frontend/src/contexts/Item.Context.tsx": {
    "path": "/Users/jimmy/Documents/GitHub/ml-challenge/frontend/src/contexts/Item.Context.tsx",
    "statementMap": {
      "0": {
        "start": { "line": 1, "column": 0 },
        "end": { "line": 1, "column": 64 }
      },
      "1": {
        "start": { "line": 8, "column": 13 },
        "end": { "line": 8, "column": 61 }
      }
    },
    "fnMap": {},
    "branchMap": {},
    "s": { "0": 2, "1": 2 },
    "f": {},
    "b": {}
  },
  "/Users/jimmy/Documents/GitHub/ml-challenge/frontend/src/hooks/useGetDetail.tsx": {
    "path": "/Users/jimmy/Documents/GitHub/ml-challenge/frontend/src/hooks/useGetDetail.tsx",
    "statementMap": {
      "0": {
        "start": { "line": 1, "column": 0 },
        "end": { "line": 1, "column": 56 }
      },
      "1": {
        "start": { "line": 2, "column": 0 },
        "end": { "line": 2, "column": 45 }
      },
      "2": {
        "start": { "line": 4, "column": 0 },
        "end": { "line": 4, "column": 55 }
      },
      "3": {
        "start": { "line": 7, "column": 0 },
        "end": { "line": 7, "column": 58 }
      },
      "4": {
        "start": { "line": 9, "column": 28 },
        "end": { "line": 38, "column": 1 }
      },
      "5": {
        "start": { "line": 14, "column": 17 },
        "end": { "line": 14, "column": 28 }
      },
      "6": {
        "start": { "line": 15, "column": 25 },
        "end": { "line": 15, "column": 48 }
      },
      "7": {
        "start": { "line": 16, "column": 30 },
        "end": { "line": 16, "column": 50 }
      },
      "8": {
        "start": { "line": 17, "column": 32 },
        "end": { "line": 17, "column": 47 }
      },
      "9": {
        "start": { "line": 19, "column": 2 },
        "end": { "line": 35, "column": 9 }
      },
      "10": {
        "start": { "line": 20, "column": 25 },
        "end": { "line": 32, "column": 5 }
      },
      "11": {
        "start": { "line": 21, "column": 6 },
        "end": { "line": 31, "column": null }
      },
      "12": {
        "start": { "line": 22, "column": 8 },
        "end": { "line": 22, "column": 25 }
      },
      "13": {
        "start": { "line": 23, "column": 8 },
        "end": { "line": 23, "column": 30 }
      },
      "14": {
        "start": { "line": 25, "column": 39 },
        "end": { "line": 25, "column": 62 }
      },
      "15": {
        "start": { "line": 27, "column": 8 },
        "end": { "line": 27, "column": 26 }
      },
      "16": {
        "start": { "line": 28, "column": 8 },
        "end": { "line": 28, "column": 24 }
      },
      "17": {
        "start": { "line": 30, "column": 8 },
        "end": { "line": 30, "column": 26 }
      },
      "18": {
        "start": { "line": 34, "column": 4 },
        "end": { "line": 34, "column": 21 }
      },
      "19": {
        "start": { "line": 37, "column": 2 },
        "end": { "line": 37, "column": 41 }
      },
      "20": {
        "start": { "line": 9, "column": 13 },
        "end": { "line": 9, "column": 28 }
      }
    },
    "fnMap": {
      "0": {
        "name": "(anonymous_0)",
        "decl": {
          "start": { "line": 9, "column": 28 },
          "end": { "line": 9, "column": null }
        },
        "loc": {
          "start": { "line": 13, "column": 4 },
          "end": { "line": 38, "column": 1 }
        }
      },
      "1": {
        "name": "(anonymous_1)",
        "decl": {
          "start": { "line": 19, "column": 12 },
          "end": { "line": 19, "column": 15 }
        },
        "loc": {
          "start": { "line": 19, "column": 17 },
          "end": { "line": 35, "column": 3 }
        }
      },
      "2": {
        "name": "(anonymous_2)",
        "decl": {
          "start": { "line": 20, "column": 25 },
          "end": { "line": 20, "column": 30 }
        },
        "loc": {
          "start": { "line": 20, "column": 51 },
          "end": { "line": 32, "column": 5 }
        }
      }
    },
    "branchMap": {
      "0": {
        "loc": {
          "start": { "line": 20, "column": 32 },
          "end": { "line": 20, "column": 47 }
        },
        "type": "default-arg",
        "locations": [
          {
            "start": { "line": 20, "column": 45 },
            "end": { "line": 20, "column": 47 }
          }
        ]
      }
    },
    "s": {
      "0": 2,
      "1": 2,
      "2": 2,
      "3": 2,
      "4": 2,
      "5": 9,
      "6": 9,
      "7": 9,
      "8": 9,
      "9": 9,
      "10": 3,
      "11": 3,
      "12": 3,
      "13": 3,
      "14": 3,
      "15": 1,
      "16": 1,
      "17": 2,
      "18": 3,
      "19": 9,
      "20": 2
    },
    "f": { "0": 9, "1": 3, "2": 3 },
    "b": { "0": [0] }
  },
  "/Users/jimmy/Documents/GitHub/ml-challenge/frontend/src/hooks/useGetItems.tsx": {
    "path": "/Users/jimmy/Documents/GitHub/ml-challenge/frontend/src/hooks/useGetItems.tsx",
    "statementMap": {
      "0": {
        "start": { "line": 1, "column": 0 },
        "end": { "line": 1, "column": 56 }
      },
      "1": {
        "start": { "line": 2, "column": 0 },
        "end": { "line": 2, "column": 51 }
      },
      "2": {
        "start": { "line": 4, "column": 0 },
        "end": { "line": 4, "column": 55 }
      },
      "3": {
        "start": { "line": 7, "column": 0 },
        "end": { "line": 7, "column": 53 }
      },
      "4": {
        "start": { "line": 9, "column": 27 },
        "end": { "line": 40, "column": 1 }
      },
      "5": {
        "start": { "line": 14, "column": 40 },
        "end": { "line": 14, "column": 63 }
      },
      "6": {
        "start": { "line": 15, "column": 25 },
        "end": { "line": 15, "column": 42 }
      },
      "7": {
        "start": { "line": 16, "column": 28 },
        "end": { "line": 16, "column": 50 }
      },
      "8": {
        "start": { "line": 17, "column": 32 },
        "end": { "line": 17, "column": 47 }
      },
      "9": {
        "start": { "line": 19, "column": 2 },
        "end": { "line": 37, "column": 21 }
      },
      "10": {
        "start": { "line": 20, "column": 25 },
        "end": { "line": 34, "column": 5 }
      },
      "11": {
        "start": { "line": 21, "column": 6 },
        "end": { "line": 33, "column": null }
      },
      "12": {
        "start": { "line": 22, "column": 8 },
        "end": { "line": 22, "column": 25 }
      },
      "13": {
        "start": { "line": 23, "column": 8 },
        "end": { "line": 23, "column": 21 }
      },
      "14": {
        "start": { "line": 24, "column": 8 },
        "end": { "line": 24, "column": 26 }
      },
      "15": {
        "start": { "line": 26, "column": 53 },
        "end": { "line": 26, "column": 74 }
      },
      "16": {
        "start": { "line": 28, "column": 8 },
        "end": { "line": 28, "column": 26 }
      },
      "17": {
        "start": { "line": 29, "column": 8 },
        "end": { "line": 29, "column": 30 }
      },
      "18": {
        "start": { "line": 30, "column": 8 },
        "end": { "line": 30, "column": 34 }
      },
      "19": {
        "start": { "line": 32, "column": 8 },
        "end": { "line": 32, "column": 26 }
      },
      "20": {
        "start": { "line": 36, "column": 4 },
        "end": { "line": 36, "column": 51 }
      },
      "21": {
        "start": { "line": 39, "column": 2 },
        "end": { "line": 39, "column": 40 }
      },
      "22": {
        "start": { "line": 9, "column": 13 },
        "end": { "line": 9, "column": 27 }
      }
    },
    "fnMap": {
      "0": {
        "name": "(anonymous_0)",
        "decl": {
          "start": { "line": 9, "column": 27 },
          "end": { "line": 9, "column": null }
        },
        "loc": {
          "start": { "line": 13, "column": 4 },
          "end": { "line": 40, "column": 1 }
        }
      },
      "1": {
        "name": "(anonymous_1)",
        "decl": {
          "start": { "line": 19, "column": 12 },
          "end": { "line": 19, "column": 15 }
        },
        "loc": {
          "start": { "line": 19, "column": 17 },
          "end": { "line": 37, "column": 3 }
        }
      },
      "2": {
        "name": "(anonymous_2)",
        "decl": {
          "start": { "line": 20, "column": 25 },
          "end": { "line": 20, "column": 30 }
        },
        "loc": {
          "start": { "line": 20, "column": 49 },
          "end": { "line": 34, "column": 5 }
        }
      }
    },
    "branchMap": {
      "0": {
        "loc": {
          "start": { "line": 29, "column": 17 },
          "end": { "line": 29, "column": 28 }
        },
        "type": "binary-expr",
        "locations": [
          {
            "start": { "line": 29, "column": 17 },
            "end": { "line": 29, "column": 22 }
          },
          {
            "start": { "line": 29, "column": 26 },
            "end": { "line": 29, "column": 28 }
          }
        ]
      },
      "1": {
        "loc": {
          "start": { "line": 36, "column": 17 },
          "end": { "line": 36, "column": 49 }
        },
        "type": "binary-expr",
        "locations": [
          {
            "start": { "line": 36, "column": 17 },
            "end": { "line": 36, "column": 43 }
          },
          {
            "start": { "line": 36, "column": 47 },
            "end": { "line": 36, "column": 49 }
          }
        ]
      }
    },
    "s": {
      "0": 2,
      "1": 2,
      "2": 2,
      "3": 2,
      "4": 2,
      "5": 6,
      "6": 6,
      "7": 6,
      "8": 6,
      "9": 6,
      "10": 3,
      "11": 3,
      "12": 3,
      "13": 3,
      "14": 3,
      "15": 0,
      "16": 0,
      "17": 0,
      "18": 0,
      "19": 3,
      "20": 3,
      "21": 6,
      "22": 2
    },
    "f": { "0": 6, "1": 3, "2": 3 },
    "b": { "0": [0, 0], "1": [3, 0] }
  },
  "/Users/jimmy/Documents/GitHub/ml-challenge/frontend/src/pages/ItemDetail/ItemDetail.page.tsx": {
    "path": "/Users/jimmy/Documents/GitHub/ml-challenge/frontend/src/pages/ItemDetail/ItemDetail.page.tsx",
    "statementMap": {
      "0": {
        "start": { "line": 1, "column": 0 },
        "end": { "line": 1, "column": 27 }
      },
      "1": {
        "start": { "line": 4, "column": 0 },
        "end": { "line": 4, "column": 47 }
      },
      "2": {
        "start": { "line": 6, "column": 0 },
        "end": { "line": 6, "column": 57 }
      },
      "3": {
        "start": { "line": 7, "column": 0 },
        "end": { "line": 7, "column": 56 }
      },
      "4": {
        "start": { "line": 8, "column": 0 },
        "end": { "line": 8, "column": 67 }
      },
      "5": {
        "start": { "line": 10, "column": 30 },
        "end": { "line": 57, "column": 1 }
      },
      "6": {
        "start": { "line": 11, "column": 19 },
        "end": { "line": 11, "column": 32 }
      },
      "7": {
        "start": { "line": 12, "column": 42 },
        "end": { "line": 12, "column": 56 }
      },
      "8": {
        "start": { "line": 14, "column": 2 },
        "end": { "line": 14, "column": 49 }
      },
      "9": {
        "start": { "line": 14, "column": 15 },
        "end": { "line": 14, "column": 49 }
      },
      "10": {
        "start": { "line": 15, "column": 2 },
        "end": { "line": 15, "column": 77 }
      },
      "11": {
        "start": { "line": 15, "column": 22 },
        "end": { "line": 15, "column": 77 }
      },
      "12": {
        "start": { "line": 17, "column": 2 },
        "end": { "line": 56, "column": 4 }
      },
      "13": {
        "start": { "line": 20, "column": 31 },
        "end": { "line": 20, "column": 43 }
      },
      "14": {
        "start": { "line": 10, "column": 13 },
        "end": { "line": 10, "column": 30 }
      }
    },
    "fnMap": {
      "0": {
        "name": "(anonymous_0)",
        "decl": {
          "start": { "line": 10, "column": 30 },
          "end": { "line": 10, "column": 33 }
        },
        "loc": {
          "start": { "line": 10, "column": 35 },
          "end": { "line": 57, "column": 1 }
        }
      },
      "1": {
        "name": "(anonymous_1)",
        "decl": {
          "start": { "line": 20, "column": 25 },
          "end": { "line": 20, "column": 28 }
        },
        "loc": {
          "start": { "line": 20, "column": 31 },
          "end": { "line": 20, "column": 43 }
        }
      }
    },
    "branchMap": {
      "0": {
        "loc": {
          "start": { "line": 14, "column": 2 },
          "end": { "line": 14, "column": 49 }
        },
        "type": "if",
        "locations": [
          {
            "start": { "line": 14, "column": 2 },
            "end": { "line": 14, "column": 49 }
          }
        ]
      },
      "1": {
        "loc": {
          "start": { "line": 15, "column": 2 },
          "end": { "line": 15, "column": 77 }
        },
        "type": "if",
        "locations": [
          {
            "start": { "line": 15, "column": 2 },
            "end": { "line": 15, "column": 77 }
          }
        ]
      }
    },
    "s": {
      "0": 1,
      "1": 1,
      "2": 1,
      "3": 1,
      "4": 1,
      "5": 1,
      "6": 3,
      "7": 3,
      "8": 3,
      "9": 0,
      "10": 3,
      "11": 3,
      "12": 0,
      "13": 0,
      "14": 1
    },
    "f": { "0": 3, "1": 0 },
    "b": { "0": [0], "1": [3] }
  },
  "/Users/jimmy/Documents/GitHub/ml-challenge/frontend/src/pages/ItemList/ItemList.page.tsx": {
    "path": "/Users/jimmy/Documents/GitHub/ml-challenge/frontend/src/pages/ItemList/ItemList.page.tsx",
    "statementMap": {
      "0": {
        "start": { "line": 1, "column": 0 },
        "end": { "line": 1, "column": 25 }
      },
      "1": {
        "start": { "line": 4, "column": 0 },
        "end": { "line": 4, "column": 47 }
      },
      "2": {
        "start": { "line": 6, "column": 0 },
        "end": { "line": 6, "column": 57 }
      },
      "3": {
        "start": { "line": 7, "column": 0 },
        "end": { "line": 7, "column": 51 }
      },
      "4": {
        "start": { "line": 8, "column": 0 },
        "end": { "line": 8, "column": 54 }
      },
      "5": {
        "start": { "line": 11, "column": 28 },
        "end": { "line": 38, "column": 1 }
      },
      "6": {
        "start": { "line": 12, "column": 19 },
        "end": { "line": 12, "column": 32 }
      },
      "7": {
        "start": { "line": 13, "column": 41 },
        "end": { "line": 13, "column": 54 }
      },
      "8": {
        "start": { "line": 15, "column": 25 },
        "end": { "line": 17, "column": 3 }
      },
      "9": {
        "start": { "line": 16, "column": 4 },
        "end": { "line": 16, "column": 34 }
      },
      "10": {
        "start": { "line": 19, "column": 2 },
        "end": { "line": 19, "column": 49 }
      },
      "11": {
        "start": { "line": 19, "column": 15 },
        "end": { "line": 19, "column": 49 }
      },
      "12": {
        "start": { "line": 20, "column": 2 },
        "end": { "line": 21, "column": 57 }
      },
      "13": {
        "start": { "line": 21, "column": 4 },
        "end": { "line": 21, "column": 57 }
      },
      "14": {
        "start": { "line": 23, "column": 2 },
        "end": { "line": 37, "column": 4 }
      },
      "15": {
        "start": { "line": 29, "column": 12 },
        "end": { "line": 30, "column": null }
      },
      "16": {
        "start": { "line": 11, "column": 13 },
        "end": { "line": 11, "column": 28 }
      }
    },
    "fnMap": {
      "0": {
        "name": "(anonymous_0)",
        "decl": {
          "start": { "line": 11, "column": 28 },
          "end": { "line": 11, "column": 31 }
        },
        "loc": {
          "start": { "line": 11, "column": 33 },
          "end": { "line": 38, "column": 1 }
        }
      },
      "1": {
        "name": "(anonymous_1)",
        "decl": {
          "start": { "line": 15, "column": 25 },
          "end": { "line": 15, "column": 26 }
        },
        "loc": {
          "start": { "line": 15, "column": 40 },
          "end": { "line": 17, "column": 3 }
        }
      },
      "2": {
        "name": "(anonymous_2)",
        "decl": {
          "start": { "line": 28, "column": 20 },
          "end": { "line": 28, "column": 21 }
        },
        "loc": {
          "start": { "line": 29, "column": 12 },
          "end": { "line": 30, "column": null }
        }
      }
    },
    "branchMap": {
      "0": {
        "loc": {
          "start": { "line": 19, "column": 2 },
          "end": { "line": 19, "column": 49 }
        },
        "type": "if",
        "locations": [
          {
            "start": { "line": 19, "column": 2 },
            "end": { "line": 19, "column": 49 }
          }
        ]
      },
      "1": {
        "loc": {
          "start": { "line": 20, "column": 2 },
          "end": { "line": 21, "column": 57 }
        },
        "type": "if",
        "locations": [
          {
            "start": { "line": 20, "column": 2 },
            "end": { "line": 21, "column": 57 }
          }
        ]
      },
      "2": {
        "loc": {
          "start": { "line": 27, "column": 9 },
          "end": { "line": 34, "column": 12 }
        },
        "type": "binary-expr",
        "locations": [
          {
            "start": { "line": 27, "column": 9 },
            "end": { "line": 27, "column": 26 }
          },
          {
            "start": { "line": 28, "column": 10 },
            "end": { "line": 34, "column": 12 }
          }
        ]
      }
    },
    "s": {
      "0": 1,
      "1": 1,
      "2": 1,
      "3": 1,
      "4": 1,
      "5": 1,
      "6": 4,
      "7": 4,
      "8": 4,
      "9": 1,
      "10": 4,
      "11": 1,
      "12": 3,
      "13": 1,
      "14": 2,
      "15": 2,
      "16": 1
    },
    "f": { "0": 4, "1": 1, "2": 2 },
    "b": { "0": [1], "1": [1], "2": [2, 2] }
  },
  "/Users/jimmy/Documents/GitHub/ml-challenge/frontend/src/services/items.service.ts": {
    "path": "/Users/jimmy/Documents/GitHub/ml-challenge/frontend/src/services/items.service.ts",
    "statementMap": {
      "0": {
        "start": { "line": 4, "column": 2 },
        "end": { "line": 9, "column": null }
      },
      "1": {
        "start": { "line": 5, "column": 20 },
        "end": { "line": 5, "column": 77 }
      },
      "2": {
        "start": { "line": 6, "column": 4 },
        "end": { "line": 6, "column": 32 }
      },
      "3": {
        "start": { "line": 8, "column": 4 },
        "end": { "line": 8, "column": 42 }
      },
      "4": {
        "start": { "line": 3, "column": 0 },
        "end": { "line": 3, "column": 7 }
      },
      "5": {
        "start": { "line": 13, "column": 2 },
        "end": { "line": 18, "column": null }
      },
      "6": {
        "start": { "line": 14, "column": 20 },
        "end": { "line": 14, "column": 72 }
      },
      "7": {
        "start": { "line": 15, "column": 4 },
        "end": { "line": 15, "column": 32 }
      },
      "8": {
        "start": { "line": 17, "column": 4 },
        "end": { "line": 17, "column": 42 }
      },
      "9": {
        "start": { "line": 12, "column": 0 },
        "end": { "line": 12, "column": 7 }
      }
    },
    "fnMap": {
      "0": {
        "name": "getItems",
        "decl": {
          "start": { "line": 3, "column": 22 },
          "end": { "line": 3, "column": 30 }
        },
        "loc": {
          "start": { "line": 3, "column": 44 },
          "end": { "line": 10, "column": 1 }
        }
      },
      "1": {
        "name": "getItemDetail",
        "decl": {
          "start": { "line": 12, "column": 22 },
          "end": { "line": 12, "column": 35 }
        },
        "loc": {
          "start": { "line": 12, "column": 46 },
          "end": { "line": 19, "column": 1 }
        }
      }
    },
    "branchMap": {},
    "s": {
      "0": 2,
      "1": 2,
      "2": 1,
      "3": 1,
      "4": 3,
      "5": 2,
      "6": 2,
      "7": 1,
      "8": 1,
      "9": 3
    },
    "f": { "0": 2, "1": 2 },
    "b": {}
  },
  "/Users/jimmy/Documents/GitHub/ml-challenge/frontend/src/utilities/currencyFormatter.ts": {
    "path": "/Users/jimmy/Documents/GitHub/ml-challenge/frontend/src/utilities/currencyFormatter.ts",
    "statementMap": {
      "0": {
        "start": { "line": 1, "column": 30 },
        "end": { "line": 2, "column": 67 }
      },
      "1": {
        "start": { "line": 2, "column": 2 },
        "end": { "line": 2, "column": 67 }
      },
      "2": {
        "start": { "line": 1, "column": 13 },
        "end": { "line": 1, "column": 30 }
      }
    },
    "fnMap": {
      "0": {
        "name": "(anonymous_0)",
        "decl": {
          "start": { "line": 1, "column": 30 },
          "end": { "line": 1, "column": 31 }
        },
        "loc": {
          "start": { "line": 2, "column": 2 },
          "end": { "line": 2, "column": 67 }
        }
      }
    },
    "branchMap": {},
    "s": { "0": 3, "1": 5, "2": 3 },
    "f": { "0": 5 },
    "b": {}
  }
}
