{"/Users/jimmy/Documents/GitHub/ml-challenge/frontend/src/components/Breadcrumb/Breadcrumb.tsx": {"path":"/Users/jimmy/Documents/GitHub/ml-challenge/frontend/src/components/Breadcrumb/Breadcrumb.tsx","statementMap":{"0":{"start":{"line":1,"column":0},"end":{"line":1,"column":27}},"1":{"start":{"line":9,"column":37},"end":{"line":23,"column":1}},"2":{"start":{"line":10,"column":2},"end":{"line":10,"column":40}},"3":{"start":{"line":10,"column":27},"end":{"line":10,"column":40}},"4":{"start":{"line":12,"column":2},"end":{"line":22,"column":4}},"5":{"start":{"line":15,"column":8},"end":{"line":15,"column":null}},"6":{"start":{"line":9,"column":13},"end":{"line":9,"column":37}}},"fnMap":{"0":{"name":"(anonymous_0)","decl":{"start":{"line":9,"column":37},"end":{"line":9,"column":38}},"loc":{"start":{"line":9,"column":50},"end":{"line":23,"column":1}}},"1":{"name":"(anonymous_1)","decl":{"start":{"line":14,"column":16},"end":{"line":14,"column":17}},"loc":{"start":{"line":15,"column":8},"end":{"line":15,"column":null}}}},"branchMap":{"0":{"loc":{"start":{"line":10,"column":2},"end":{"line":10,"column":40}},"type":"if","locations":[{"start":{"line":10,"column":2},"end":{"line":10,"column":40}}]}},"s":{"0":3,"1":3,"2":4,"3":1,"4":3,"5":7,"6":3},"f":{"0":4,"1":7},"b":{"0":[1]}}
,"/Users/jimmy/Documents/GitHub/ml-challenge/frontend/src/components/Header/Header.tsx": {"path":"/Users/jimmy/Documents/GitHub/ml-challenge/frontend/src/components/Header/Header.tsx","statementMap":{"0":{"start":{"line":1,"column":0},"end":{"line":1,"column":23}},"1":{"start":{"line":3,"column":0},"end":{"line":3,"column":48}},"2":{"start":{"line":4,"column":0},"end":{"line":4,"column":47}},"3":{"start":{"line":6,"column":0},"end":{"line":6,"column":45}},"4":{"start":{"line":7,"column":0},"end":{"line":7,"column":49}},"5":{"start":{"line":9,"column":26},"end":{"line":54,"column":1}},"6":{"start":{"line":10,"column":19},"end":{"line":10,"column":32}},"7":{"start":{"line":11,"column":30},"end":{"line":11,"column":42}},"8":{"start":{"line":12,"column":23},"end":{"line":15,"column":3}},"9":{"start":{"line":13,"column":4},"end":{"line":13,"column":18}},"10":{"start":{"line":14,"column":4},"end":{"line":14,"column":18}},"11":{"start":{"line":16,"column":23},"end":{"line":20,"column":3}},"12":{"start":{"line":17,"column":24},"end":{"line":17,"column":42}},"13":{"start":{"line":18,"column":4},"end":{"line":18,"column":38}},"14":{"start":{"line":19,"column":4},"end":{"line":19,"column":23}},"15":{"start":{"line":22,"column":2},"end":{"line":53,"column":4}},"16":{"start":{"line":32,"column":27},"end":{"line":32,"column":42}},"17":{"start":{"line":40,"column":29},"end":{"line":40,"column":54}},"18":{"start":{"line":9,"column":13},"end":{"line":9,"column":26}}},"fnMap":{"0":{"name":"(anonymous_0)","decl":{"start":{"line":9,"column":26},"end":{"line":9,"column":29}},"loc":{"start":{"line":9,"column":31},"end":{"line":54,"column":1}}},"1":{"name":"(anonymous_1)","decl":{"start":{"line":12,"column":23},"end":{"line":12,"column":26}},"loc":{"start":{"line":12,"column":28},"end":{"line":15,"column":3}}},"2":{"name":"(anonymous_2)","decl":{"start":{"line":16,"column":23},"end":{"line":16,"column":24}},"loc":{"start":{"line":16,"column":57},"end":{"line":20,"column":3}}},"3":{"name":"(anonymous_3)","decl":{"start":{"line":32,"column":20},"end":{"line":32,"column":21}},"loc":{"start":{"line":32,"column":27},"end":{"line":32,"column":42}}},"4":{"name":"(anonymous_4)","decl":{"start":{"line":40,"column":22},"end":{"line":40,"column":23}},"loc":{"start":{"line":40,"column":29},"end":{"line":40,"column":54}}}},"branchMap":{},"s":{"0":1,"1":1,"2":1,"3":1,"4":1,"5":1,"6":6,"7":6,"8":6,"9":1,"10":1,"11":6,"12":1,"13":1,"14":1,"15":6,"16":1,"17":2,"18":1},"f":{"0":6,"1":1,"2":1,"3":1,"4":2},"b":{}}
,"/Users/jimmy/Documents/GitHub/ml-challenge/frontend/src/components/RowItem/RowItem.tsx": {"path":"/Users/jimmy/Documents/GitHub/ml-challenge/frontend/src/components/RowItem/RowItem.tsx","statementMap":{"0":{"start":{"line":1,"column":0},"end":{"line":1,"column":24}},"1":{"start":{"line":5,"column":0},"end":{"line":5,"column":53}},"2":{"start":{"line":7,"column":0},"end":{"line":7,"column":67}},"3":{"start":{"line":13,"column":34},"end":{"line":42,"column":1}},"4":{"start":{"line":14,"column":2},"end":{"line":41,"column":4}},"5":{"start":{"line":18,"column":21},"end":{"line":18,"column":33}},"6":{"start":{"line":13,"column":13},"end":{"line":13,"column":34}}},"fnMap":{"0":{"name":"(anonymous_0)","decl":{"start":{"line":13,"column":34},"end":{"line":13,"column":35}},"loc":{"start":{"line":13,"column":55},"end":{"line":42,"column":1}}},"1":{"name":"(anonymous_1)","decl":{"start":{"line":18,"column":15},"end":{"line":18,"column":18}},"loc":{"start":{"line":18,"column":21},"end":{"line":18,"column":33}}}},"branchMap":{"0":{"loc":{"start":{"line":32,"column":13},"end":{"line":32,"column":73}},"type":"binary-expr","locations":[{"start":{"line":32,"column":13},"end":{"line":32,"column":31}},{"start":{"line":32,"column":35},"end":{"line":32,"column":73}}]}},"s":{"0":2,"1":2,"2":2,"3":2,"4":4,"5":2,"6":2},"f":{"0":4,"1":2},"b":{"0":[4,4]}}
,"/Users/jimmy/Documents/GitHub/ml-challenge/frontend/src/hooks/useGetDetail.tsx": {"path":"/Users/jimmy/Documents/GitHub/ml-challenge/frontend/src/hooks/useGetDetail.tsx","statementMap":{"0":{"start":{"line":1,"column":0},"end":{"line":1,"column":34}},"1":{"start":{"line":2,"column":0},"end":{"line":2,"column":45}},"2":{"start":{"line":5,"column":0},"end":{"line":5,"column":64}},"3":{"start":{"line":6,"column":0},"end":{"line":6,"column":72}},"4":{"start":{"line":8,"column":28},"end":{"line":22,"column":1}},"5":{"start":{"line":13,"column":17},"end":{"line":13,"column":28}},"6":{"start":{"line":14,"column":19},"end":{"line":14,"column":35}},"7":{"start":{"line":15,"column":42},"end":{"line":15,"column":70}},"8":{"start":{"line":17,"column":2},"end":{"line":19,"column":9}},"9":{"start":{"line":18,"column":4},"end":{"line":18,"column":41}},"10":{"start":{"line":21,"column":2},"end":{"line":21,"column":41}},"11":{"start":{"line":8,"column":13},"end":{"line":8,"column":28}}},"fnMap":{"0":{"name":"(anonymous_0)","decl":{"start":{"line":8,"column":28},"end":{"line":8,"column":null}},"loc":{"start":{"line":12,"column":4},"end":{"line":22,"column":1}}},"1":{"name":"(anonymous_1)","decl":{"start":{"line":17,"column":12},"end":{"line":17,"column":15}},"loc":{"start":{"line":17,"column":17},"end":{"line":19,"column":3}}}},"branchMap":{"0":{"loc":{"start":{"line":18,"column":30},"end":{"line":18,"column":38}},"type":"binary-expr","locations":[{"start":{"line":18,"column":30},"end":{"line":18,"column":32}},{"start":{"line":18,"column":36},"end":{"line":18,"column":38}}]}},"s":{"0":2,"1":2,"2":2,"3":2,"4":2,"5":2,"6":2,"7":2,"8":2,"9":2,"10":2,"11":2},"f":{"0":2,"1":2},"b":{"0":[2,0]}}
,"/Users/jimmy/Documents/GitHub/ml-challenge/frontend/src/hooks/useGetItems.tsx": {"path":"/Users/jimmy/Documents/GitHub/ml-challenge/frontend/src/hooks/useGetItems.tsx","statementMap":{"0":{"start":{"line":1,"column":0},"end":{"line":1,"column":34}},"1":{"start":{"line":2,"column":0},"end":{"line":2,"column":51}},"2":{"start":{"line":5,"column":0},"end":{"line":5,"column":64}},"3":{"start":{"line":6,"column":0},"end":{"line":6,"column":67}},"4":{"start":{"line":8,"column":27},"end":{"line":23,"column":1}},"5":{"start":{"line":13,"column":25},"end":{"line":13,"column":42}},"6":{"start":{"line":14,"column":19},"end":{"line":14,"column":35}},"7":{"start":{"line":15,"column":41},"end":{"line":15,"column":69}},"8":{"start":{"line":17,"column":2},"end":{"line":20,"column":9}},"9":{"start":{"line":18,"column":26},"end":{"line":18,"column":58}},"10":{"start":{"line":19,"column":4},"end":{"line":19,"column":33}},"11":{"start":{"line":22,"column":2},"end":{"line":22,"column":40}},"12":{"start":{"line":8,"column":13},"end":{"line":8,"column":27}}},"fnMap":{"0":{"name":"(anonymous_0)","decl":{"start":{"line":8,"column":27},"end":{"line":8,"column":null}},"loc":{"start":{"line":12,"column":4},"end":{"line":23,"column":1}}},"1":{"name":"(anonymous_1)","decl":{"start":{"line":17,"column":12},"end":{"line":17,"column":15}},"loc":{"start":{"line":17,"column":17},"end":{"line":20,"column":3}}}},"branchMap":{"0":{"loc":{"start":{"line":18,"column":26},"end":{"line":18,"column":58}},"type":"binary-expr","locations":[{"start":{"line":18,"column":26},"end":{"line":18,"column":52}},{"start":{"line":18,"column":56},"end":{"line":18,"column":58}}]}},"s":{"0":2,"1":2,"2":2,"3":2,"4":2,"5":2,"6":2,"7":2,"8":2,"9":2,"10":2,"11":2,"12":2},"f":{"0":2,"1":2},"b":{"0":[2,0]}}
,"/Users/jimmy/Documents/GitHub/ml-challenge/frontend/src/pages/ItemDetail/ItemDetail.page.tsx": {"path":"/Users/jimmy/Documents/GitHub/ml-challenge/frontend/src/pages/ItemDetail/ItemDetail.page.tsx","statementMap":{"0":{"start":{"line":1,"column":0},"end":{"line":1,"column":27}},"1":{"start":{"line":4,"column":0},"end":{"line":4,"column":47}},"2":{"start":{"line":6,"column":0},"end":{"line":6,"column":57}},"3":{"start":{"line":7,"column":0},"end":{"line":7,"column":56}},"4":{"start":{"line":8,"column":0},"end":{"line":8,"column":67}},"5":{"start":{"line":10,"column":30},"end":{"line":61,"column":1}},"6":{"start":{"line":11,"column":19},"end":{"line":11,"column":32}},"7":{"start":{"line":12,"column":42},"end":{"line":12,"column":56}},"8":{"start":{"line":14,"column":2},"end":{"line":14,"column":49}},"9":{"start":{"line":14,"column":15},"end":{"line":14,"column":49}},"10":{"start":{"line":15,"column":2},"end":{"line":15,"column":77}},"11":{"start":{"line":15,"column":22},"end":{"line":15,"column":77}},"12":{"start":{"line":17,"column":2},"end":{"line":60,"column":4}},"13":{"start":{"line":20,"column":31},"end":{"line":20,"column":43}},"14":{"start":{"line":10,"column":13},"end":{"line":10,"column":30}}},"fnMap":{"0":{"name":"(anonymous_0)","decl":{"start":{"line":10,"column":30},"end":{"line":10,"column":33}},"loc":{"start":{"line":10,"column":35},"end":{"line":61,"column":1}}},"1":{"name":"(anonymous_1)","decl":{"start":{"line":20,"column":25},"end":{"line":20,"column":28}},"loc":{"start":{"line":20,"column":31},"end":{"line":20,"column":43}}}},"branchMap":{"0":{"loc":{"start":{"line":14,"column":2},"end":{"line":14,"column":49}},"type":"if","locations":[{"start":{"line":14,"column":2},"end":{"line":14,"column":49}}]},"1":{"loc":{"start":{"line":15,"column":2},"end":{"line":15,"column":77}},"type":"if","locations":[{"start":{"line":15,"column":2},"end":{"line":15,"column":77}}]}},"s":{"0":1,"1":1,"2":1,"3":1,"4":1,"5":1,"6":3,"7":3,"8":3,"9":0,"10":3,"11":3,"12":0,"13":0,"14":1},"f":{"0":3,"1":0},"b":{"0":[0],"1":[3]}}
,"/Users/jimmy/Documents/GitHub/ml-challenge/frontend/src/pages/ItemList/ItemList.page.tsx": {"path":"/Users/jimmy/Documents/GitHub/ml-challenge/frontend/src/pages/ItemList/ItemList.page.tsx","statementMap":{"0":{"start":{"line":1,"column":0},"end":{"line":1,"column":25}},"1":{"start":{"line":4,"column":0},"end":{"line":4,"column":47}},"2":{"start":{"line":6,"column":0},"end":{"line":6,"column":57}},"3":{"start":{"line":7,"column":0},"end":{"line":7,"column":51}},"4":{"start":{"line":8,"column":0},"end":{"line":8,"column":54}},"5":{"start":{"line":11,"column":28},"end":{"line":38,"column":1}},"6":{"start":{"line":12,"column":19},"end":{"line":12,"column":32}},"7":{"start":{"line":13,"column":41},"end":{"line":13,"column":54}},"8":{"start":{"line":15,"column":25},"end":{"line":17,"column":3}},"9":{"start":{"line":16,"column":4},"end":{"line":16,"column":34}},"10":{"start":{"line":19,"column":2},"end":{"line":19,"column":49}},"11":{"start":{"line":19,"column":15},"end":{"line":19,"column":49}},"12":{"start":{"line":20,"column":2},"end":{"line":21,"column":57}},"13":{"start":{"line":21,"column":4},"end":{"line":21,"column":57}},"14":{"start":{"line":23,"column":2},"end":{"line":37,"column":4}},"15":{"start":{"line":29,"column":12},"end":{"line":30,"column":null}},"16":{"start":{"line":11,"column":13},"end":{"line":11,"column":28}}},"fnMap":{"0":{"name":"(anonymous_0)","decl":{"start":{"line":11,"column":28},"end":{"line":11,"column":31}},"loc":{"start":{"line":11,"column":33},"end":{"line":38,"column":1}}},"1":{"name":"(anonymous_1)","decl":{"start":{"line":15,"column":25},"end":{"line":15,"column":26}},"loc":{"start":{"line":15,"column":40},"end":{"line":17,"column":3}}},"2":{"name":"(anonymous_2)","decl":{"start":{"line":28,"column":20},"end":{"line":28,"column":21}},"loc":{"start":{"line":29,"column":12},"end":{"line":30,"column":null}}}},"branchMap":{"0":{"loc":{"start":{"line":19,"column":2},"end":{"line":19,"column":49}},"type":"if","locations":[{"start":{"line":19,"column":2},"end":{"line":19,"column":49}}]},"1":{"loc":{"start":{"line":20,"column":2},"end":{"line":21,"column":57}},"type":"if","locations":[{"start":{"line":20,"column":2},"end":{"line":21,"column":57}}]},"2":{"loc":{"start":{"line":27,"column":9},"end":{"line":34,"column":12}},"type":"binary-expr","locations":[{"start":{"line":27,"column":9},"end":{"line":27,"column":26}},{"start":{"line":28,"column":10},"end":{"line":34,"column":12}}]}},"s":{"0":1,"1":1,"2":1,"3":1,"4":1,"5":1,"6":4,"7":4,"8":4,"9":1,"10":4,"11":1,"12":3,"13":1,"14":2,"15":2,"16":1},"f":{"0":4,"1":1,"2":2},"b":{"0":[1],"1":[1],"2":[2,2]}}
,"/Users/jimmy/Documents/GitHub/ml-challenge/frontend/src/services/items.service.ts": {"path":"/Users/jimmy/Documents/GitHub/ml-challenge/frontend/src/services/items.service.ts","statementMap":{"0":{"start":{"line":2,"column":0},"end":{"line":2,"column":49}},"1":{"start":{"line":5,"column":2},"end":{"line":5,"column":62}},"2":{"start":{"line":5,"column":56},"end":{"line":5,"column":60}},"3":{"start":{"line":4,"column":0},"end":{"line":4,"column":16}},"4":{"start":{"line":9,"column":2},"end":{"line":9,"column":51}},"5":{"start":{"line":9,"column":45},"end":{"line":9,"column":49}},"6":{"start":{"line":8,"column":0},"end":{"line":8,"column":7}}},"fnMap":{"0":{"name":"getItems","decl":{"start":{"line":4,"column":16},"end":{"line":4,"column":24}},"loc":{"start":{"line":4,"column":38},"end":{"line":6,"column":1}}},"1":{"name":"(anonymous_1)","decl":{"start":{"line":5,"column":42},"end":{"line":5,"column":43}},"loc":{"start":{"line":5,"column":56},"end":{"line":5,"column":60}}},"2":{"name":"getItemDetail","decl":{"start":{"line":8,"column":22},"end":{"line":8,"column":35}},"loc":{"start":{"line":8,"column":46},"end":{"line":10,"column":1}}},"3":{"name":"(anonymous_3)","decl":{"start":{"line":9,"column":31},"end":{"line":9,"column":32}},"loc":{"start":{"line":9,"column":45},"end":{"line":9,"column":49}}}},"branchMap":{},"s":{"0":3,"1":2,"2":2,"3":3,"4":0,"5":0,"6":3},"f":{"0":2,"1":2,"2":0,"3":0},"b":{}}
,"/Users/jimmy/Documents/GitHub/ml-challenge/frontend/src/utilities/axiosApi.ts": {"path":"/Users/jimmy/Documents/GitHub/ml-challenge/frontend/src/utilities/axiosApi.ts","statementMap":{"0":{"start":{"line":1,"column":0},"end":{"line":1,"column":26}},"1":{"start":{"line":3,"column":13},"end":{"line":5,"column":3}}},"fnMap":{},"branchMap":{},"s":{"0":2,"1":2},"f":{},"b":{}}
,"/Users/jimmy/Documents/GitHub/ml-challenge/frontend/src/utilities/currencyFormatter.ts": {"path":"/Users/jimmy/Documents/GitHub/ml-challenge/frontend/src/utilities/currencyFormatter.ts","statementMap":{"0":{"start":{"line":1,"column":27},"end":{"line":5,"column":2}},"1":{"start":{"line":6,"column":30},"end":{"line":17,"column":1}},"2":{"start":{"line":11,"column":25},"end":{"line":15,"column":4}},"3":{"start":{"line":16,"column":2},"end":{"line":16,"column":39}},"4":{"start":{"line":6,"column":13},"end":{"line":6,"column":30}}},"fnMap":{"0":{"name":"(anonymous_0)","decl":{"start":{"line":6,"column":30},"end":{"line":6,"column":null}},"loc":{"start":{"line":10,"column":4},"end":{"line":17,"column":1}}}},"branchMap":{"0":{"loc":{"start":{"line":8,"column":2},"end":{"line":8,"column":48}},"type":"default-arg","locations":[{"start":{"line":8,"column":21},"end":{"line":8,"column":48}}]},"1":{"loc":{"start":{"line":9,"column":2},"end":{"line":9,"column":74}},"type":"default-arg","locations":[{"start":{"line":9,"column":34},"end":{"line":9,"column":74}}]}},"s":{"0":4,"1":4,"2":6,"3":6,"4":4},"f":{"0":6},"b":{"0":[1],"1":[1]}}
}
