TN:
SF:src/components/Breadcrumb/Breadcrumb.tsx
FN:9,(anonymous_0)
FN:14,(anonymous_1)
FNF:2
FNH:2
FNDA:4,(anonymous_0)
FNDA:7,(anonymous_1)
DA:1,3
DA:9,3
DA:10,4
DA:12,3
DA:15,7
LF:5
LH:5
BRDA:10,0,0,1
BRF:1
BRH:1
end_of_record
TN:
SF:src/components/Header/Header.tsx
FN:9,(anonymous_0)
FN:12,(anonymous_1)
FN:16,(anonymous_2)
FN:32,(anonymous_3)
FN:40,(anonymous_4)
FNF:5
FNH:5
FNDA:6,(anonymous_0)
FNDA:1,(anonymous_1)
FNDA:1,(anonymous_2)
FNDA:1,(anonymous_3)
FNDA:2,(anonymous_4)
DA:1,1
DA:3,1
DA:4,1
DA:6,1
DA:7,1
DA:9,1
DA:10,6
DA:11,6
DA:12,6
DA:13,1
DA:14,1
DA:16,6
DA:17,1
DA:18,1
DA:19,1
DA:22,6
DA:32,1
DA:40,2
LF:18
LH:18
BRF:0
BRH:0
end_of_record
TN:
SF:src/components/RowItem/RowItem.tsx
FN:13,(anonymous_0)
FN:18,(anonymous_1)
FNF:2
FNH:2
FNDA:4,(anonymous_0)
FNDA:2,(anonymous_1)
DA:1,2
DA:5,2
DA:7,2
DA:13,2
DA:14,4
DA:18,2
LF:6
LH:6
BRDA:28,0,0,4
BRDA:28,0,1,4
BRF:2
BRH:2
end_of_record
TN:
SF:src/contexts/Item.Context.tsx
FNF:0
FNH:0
DA:1,2
DA:8,2
LF:2
LH:2
BRF:0
BRH:0
end_of_record
TN:
SF:src/hooks/useGetDetail.tsx
FN:9,(anonymous_0)
FN:19,(anonymous_1)
FN:20,(anonymous_2)
FNF:3
FNH:3
FNDA:9,(anonymous_0)
FNDA:3,(anonymous_1)
FNDA:3,(anonymous_2)
DA:1,2
DA:2,2
DA:4,2
DA:7,2
DA:9,2
DA:14,9
DA:15,9
DA:16,9
DA:17,9
DA:19,9
DA:20,3
DA:21,3
DA:22,3
DA:23,3
DA:25,3
DA:27,1
DA:28,1
DA:30,2
DA:34,3
DA:37,9
LF:20
LH:20
BRDA:20,0,0,0
BRF:1
BRH:0
end_of_record
TN:
SF:src/hooks/useGetItems.tsx
FN:9,(anonymous_0)
FN:19,(anonymous_1)
FN:20,(anonymous_2)
FNF:3
FNH:3
FNDA:6,(anonymous_0)
FNDA:3,(anonymous_1)
FNDA:3,(anonymous_2)
DA:1,2
DA:2,2
DA:4,2
DA:7,2
DA:9,2
DA:14,6
DA:15,6
DA:16,6
DA:17,6
DA:19,6
DA:20,3
DA:21,3
DA:22,3
DA:23,3
DA:24,3
DA:26,0
DA:28,0
DA:29,0
DA:30,0
DA:32,3
DA:36,3
DA:39,6
LF:22
LH:18
BRDA:29,0,0,0
BRDA:29,0,1,0
BRDA:36,1,0,3
BRDA:36,1,1,0
BRF:4
BRH:1
end_of_record
TN:
SF:src/pages/ItemDetail/ItemDetail.page.tsx
FN:10,(anonymous_0)
FN:20,(anonymous_1)
FNF:2
FNH:1
FNDA:3,(anonymous_0)
FNDA:0,(anonymous_1)
DA:1,1
DA:4,1
DA:6,1
DA:7,1
DA:8,1
DA:10,1
DA:11,3
DA:12,3
DA:14,3
DA:15,3
DA:17,0
DA:20,0
LF:12
LH:10
BRDA:14,0,0,0
BRDA:15,1,0,3
BRF:2
BRH:1
end_of_record
TN:
SF:src/pages/ItemList/ItemList.page.tsx
FN:11,(anonymous_0)
FN:15,(anonymous_1)
FN:28,(anonymous_2)
FNF:3
FNH:3
FNDA:4,(anonymous_0)
FNDA:1,(anonymous_1)
FNDA:2,(anonymous_2)
DA:1,1
DA:4,1
DA:6,1
DA:7,1
DA:8,1
DA:11,1
DA:12,4
DA:13,4
DA:15,4
DA:16,1
DA:19,4
DA:20,3
DA:21,1
DA:23,2
DA:29,2
LF:15
LH:15
BRDA:19,0,0,1
BRDA:20,1,0,1
BRDA:27,2,0,2
BRDA:27,2,1,2
BRF:4
BRH:4
end_of_record
TN:
SF:src/services/items.service.ts
FN:3,getItems
FN:12,getItemDetail
FNF:2
FNH:2
FNDA:2,getItems
FNDA:2,getItemDetail
DA:3,3
DA:4,2
DA:5,2
DA:6,1
DA:8,1
DA:12,3
DA:13,2
DA:14,2
DA:15,1
DA:17,1
LF:10
LH:10
BRF:0
BRH:0
end_of_record
TN:
SF:src/utilities/currencyFormatter.ts
FN:1,(anonymous_0)
FNF:1
FNH:1
FNDA:5,(anonymous_0)
DA:1,3
DA:2,5
LF:2
LH:2
BRF:0
BRH:0
end_of_record
