<?xml version="1.0" encoding="UTF-8"?>
<coverage generated="1682703778279" clover="3.2.0">
  <project timestamp="1682703778280" name="All files">
    <metrics statements="13" coveredstatements="13" conditionals="0" coveredconditionals="0" methods="5" coveredmethods="5" elements="18" coveredelements="18" complexity="0" loc="13" ncloc="13" packages="1" files="1" classes="1"/>
    <file name="Header.tsx" path="/Users/jimmy/Documents/GitHub/ml-challenge/packages/header/src/components/Header/Header.tsx">
      <metrics statements="13" coveredstatements="13" conditionals="0" coveredconditionals="0" methods="5" coveredmethods="5"/>
      <line num="9" count="1" type="stmt"/>
      <line num="10" count="6" type="stmt"/>
      <line num="11" count="6" type="stmt"/>
      <line num="12" count="6" type="stmt"/>
      <line num="13" count="1" type="stmt"/>
      <line num="14" count="1" type="stmt"/>
      <line num="16" count="6" type="stmt"/>
      <line num="17" count="1" type="stmt"/>
      <line num="18" count="1" type="stmt"/>
      <line num="19" count="1" type="stmt"/>
      <line num="22" count="6" type="stmt"/>
      <line num="32" count="1" type="stmt"/>
      <line num="40" count="2" type="stmt"/>
    </file>
  </project>
</coverage>
