{"/Users/jimmy/Documents/GitHub/ml-challenge/packages/header/src/components/Header/Header.tsx": {"path":"/Users/jimmy/Documents/GitHub/ml-challenge/packages/header/src/components/Header/Header.tsx","statementMap":{"0":{"start":{"line":9,"column":26},"end":{"line":54,"column":1}},"1":{"start":{"line":10,"column":19},"end":{"line":10,"column":32}},"2":{"start":{"line":11,"column":30},"end":{"line":11,"column":42}},"3":{"start":{"line":12,"column":23},"end":{"line":15,"column":3}},"4":{"start":{"line":13,"column":4},"end":{"line":13,"column":18}},"5":{"start":{"line":14,"column":4},"end":{"line":14,"column":18}},"6":{"start":{"line":16,"column":23},"end":{"line":20,"column":3}},"7":{"start":{"line":17,"column":24},"end":{"line":17,"column":42}},"8":{"start":{"line":18,"column":4},"end":{"line":18,"column":38}},"9":{"start":{"line":19,"column":4},"end":{"line":19,"column":23}},"10":{"start":{"line":22,"column":2},"end":{"line":53,"column":4}},"11":{"start":{"line":32,"column":27},"end":{"line":32,"column":42}},"12":{"start":{"line":40,"column":29},"end":{"line":40,"column":54}}},"fnMap":{"0":{"name":"(anonymous_0)","decl":{"start":{"line":9,"column":26},"end":{"line":9,"column":27}},"loc":{"start":{"line":9,"column":32},"end":{"line":54,"column":1}},"line":9},"1":{"name":"(anonymous_1)","decl":{"start":{"line":12,"column":23},"end":{"line":12,"column":24}},"loc":{"start":{"line":12,"column":29},"end":{"line":15,"column":3}},"line":12},"2":{"name":"(anonymous_2)","decl":{"start":{"line":16,"column":23},"end":{"line":16,"column":24}},"loc":{"start":{"line":16,"column":58},"end":{"line":20,"column":3}},"line":16},"3":{"name":"(anonymous_3)","decl":{"start":{"line":32,"column":20},"end":{"line":32,"column":21}},"loc":{"start":{"line":32,"column":27},"end":{"line":32,"column":42}},"line":32},"4":{"name":"(anonymous_4)","decl":{"start":{"line":40,"column":22},"end":{"line":40,"column":23}},"loc":{"start":{"line":40,"column":29},"end":{"line":40,"column":54}},"line":40}},"branchMap":{},"s":{"0":1,"1":6,"2":6,"3":6,"4":1,"5":1,"6":6,"7":1,"8":1,"9":1,"10":6,"11":1,"12":2},"f":{"0":6,"1":1,"2":1,"3":1,"4":2},"b":{},"_coverageSchema":"1a1c01bbd47fc00a2c39e90264f33305004495a9","hash":"fc386c7298e360e02012c9b74215d401f9be11b4"}
}
