{"/Users/jimmy/Documents/GitHub/ml-challenge/packages/items/src/components/Breadcrumb/Breadcrumb.tsx": {"path":"/Users/jimmy/Documents/GitHub/ml-challenge/packages/items/src/components/Breadcrumb/Breadcrumb.tsx","statementMap":{"0":{"start":{"line":9,"column":37},"end":{"line":23,"column":1}},"1":{"start":{"line":10,"column":2},"end":{"line":10,"column":40}},"2":{"start":{"line":10,"column":27},"end":{"line":10,"column":40}},"3":{"start":{"line":12,"column":2},"end":{"line":22,"column":4}},"4":{"start":{"line":15,"column":8},"end":{"line":19,"column":13}}},"fnMap":{"0":{"name":"(anonymous_0)","decl":{"start":{"line":9,"column":37},"end":{"line":9,"column":38}},"loc":{"start":{"line":9,"column":51},"end":{"line":23,"column":1}},"line":9},"1":{"name":"(anonymous_1)","decl":{"start":{"line":14,"column":16},"end":{"line":14,"column":17}},"loc":{"start":{"line":15,"column":8},"end":{"line":19,"column":13}},"line":15}},"branchMap":{"0":{"loc":{"start":{"line":10,"column":2},"end":{"line":10,"column":40}},"type":"if","locations":[{"start":{"line":10,"column":2},"end":{"line":10,"column":40}},{"start":{},"end":{}}],"line":10}},"s":{"0":2,"1":4,"2":1,"3":3,"4":7},"f":{"0":4,"1":7},"b":{"0":[1,3]},"_coverageSchema":"1a1c01bbd47fc00a2c39e90264f33305004495a9","hash":"c022f99289c61fd2529acd778a1769a9abb3c798"}
,"/Users/jimmy/Documents/GitHub/ml-challenge/packages/items/src/components/RowItem/RowItem.tsx": {"path":"/Users/jimmy/Documents/GitHub/ml-challenge/packages/items/src/components/RowItem/RowItem.tsx","statementMap":{"0":{"start":{"line":13,"column":34},"end":{"line":42,"column":1}},"1":{"start":{"line":14,"column":2},"end":{"line":41,"column":4}},"2":{"start":{"line":18,"column":21},"end":{"line":18,"column":33}}},"fnMap":{"0":{"name":"(anonymous_0)","decl":{"start":{"line":13,"column":34},"end":{"line":13,"column":35}},"loc":{"start":{"line":13,"column":56},"end":{"line":42,"column":1}},"line":13},"1":{"name":"(anonymous_1)","decl":{"start":{"line":18,"column":15},"end":{"line":18,"column":16}},"loc":{"start":{"line":18,"column":21},"end":{"line":18,"column":33}},"line":18}},"branchMap":{"0":{"loc":{"start":{"line":32,"column":13},"end":{"line":32,"column":73}},"type":"binary-expr","locations":[{"start":{"line":32,"column":13},"end":{"line":32,"column":31}},{"start":{"line":32,"column":35},"end":{"line":32,"column":73}}],"line":32}},"s":{"0":2,"1":4,"2":2},"f":{"0":4,"1":2},"b":{"0":[4,4]},"_coverageSchema":"1a1c01bbd47fc00a2c39e90264f33305004495a9","hash":"740bb6d8c7c0a943de3087cdd115b5e59c447722"}
,"/Users/jimmy/Documents/GitHub/ml-challenge/packages/items/src/hooks/useGetItems.tsx": {"path":"/Users/jimmy/Documents/GitHub/ml-challenge/packages/items/src/hooks/useGetItems.tsx","statementMap":{"0":{"start":{"line":8,"column":27},"end":{"line":23,"column":1}},"1":{"start":{"line":13,"column":25},"end":{"line":13,"column":42}},"2":{"start":{"line":14,"column":19},"end":{"line":14,"column":35}},"3":{"start":{"line":15,"column":41},"end":{"line":15,"column":69}},"4":{"start":{"line":17,"column":2},"end":{"line":20,"column":21}},"5":{"start":{"line":18,"column":26},"end":{"line":18,"column":58}},"6":{"start":{"line":19,"column":4},"end":{"line":19,"column":33}},"7":{"start":{"line":22,"column":2},"end":{"line":22,"column":40}}},"fnMap":{"0":{"name":"(anonymous_0)","decl":{"start":{"line":8,"column":27},"end":{"line":8,"column":28}},"loc":{"start":{"line":12,"column":5},"end":{"line":23,"column":1}},"line":12},"1":{"name":"(anonymous_1)","decl":{"start":{"line":17,"column":12},"end":{"line":17,"column":13}},"loc":{"start":{"line":17,"column":18},"end":{"line":20,"column":3}},"line":17}},"branchMap":{"0":{"loc":{"start":{"line":18,"column":26},"end":{"line":18,"column":58}},"type":"binary-expr","locations":[{"start":{"line":18,"column":26},"end":{"line":18,"column":52}},{"start":{"line":18,"column":56},"end":{"line":18,"column":58}}],"line":18}},"s":{"0":2,"1":2,"2":2,"3":2,"4":2,"5":2,"6":2,"7":2},"f":{"0":2,"1":2},"b":{"0":[2,0]},"_coverageSchema":"1a1c01bbd47fc00a2c39e90264f33305004495a9","hash":"885f8e6528a391726072b2dc6f73857e164a0ce6"}
,"/Users/jimmy/Documents/GitHub/ml-challenge/packages/items/src/pages/ItemList/ItemList.page.tsx": {"path":"/Users/jimmy/Documents/GitHub/ml-challenge/packages/items/src/pages/ItemList/ItemList.page.tsx","statementMap":{"0":{"start":{"line":11,"column":28},"end":{"line":38,"column":1}},"1":{"start":{"line":12,"column":19},"end":{"line":12,"column":32}},"2":{"start":{"line":13,"column":41},"end":{"line":13,"column":54}},"3":{"start":{"line":15,"column":25},"end":{"line":17,"column":3}},"4":{"start":{"line":16,"column":4},"end":{"line":16,"column":34}},"5":{"start":{"line":19,"column":2},"end":{"line":19,"column":49}},"6":{"start":{"line":19,"column":15},"end":{"line":19,"column":49}},"7":{"start":{"line":20,"column":2},"end":{"line":21,"column":57}},"8":{"start":{"line":21,"column":4},"end":{"line":21,"column":57}},"9":{"start":{"line":23,"column":2},"end":{"line":37,"column":4}},"10":{"start":{"line":29,"column":12},"end":{"line":33,"column":14}}},"fnMap":{"0":{"name":"(anonymous_0)","decl":{"start":{"line":11,"column":28},"end":{"line":11,"column":29}},"loc":{"start":{"line":11,"column":34},"end":{"line":38,"column":1}},"line":11},"1":{"name":"(anonymous_1)","decl":{"start":{"line":15,"column":25},"end":{"line":15,"column":26}},"loc":{"start":{"line":15,"column":41},"end":{"line":17,"column":3}},"line":15},"2":{"name":"(anonymous_2)","decl":{"start":{"line":28,"column":20},"end":{"line":28,"column":21}},"loc":{"start":{"line":29,"column":12},"end":{"line":33,"column":14}},"line":29}},"branchMap":{"0":{"loc":{"start":{"line":19,"column":2},"end":{"line":19,"column":49}},"type":"if","locations":[{"start":{"line":19,"column":2},"end":{"line":19,"column":49}},{"start":{},"end":{}}],"line":19},"1":{"loc":{"start":{"line":20,"column":2},"end":{"line":21,"column":57}},"type":"if","locations":[{"start":{"line":20,"column":2},"end":{"line":21,"column":57}},{"start":{},"end":{}}],"line":20},"2":{"loc":{"start":{"line":27,"column":9},"end":{"line":34,"column":12}},"type":"binary-expr","locations":[{"start":{"line":27,"column":9},"end":{"line":27,"column":26}},{"start":{"line":28,"column":10},"end":{"line":34,"column":12}}],"line":27}},"s":{"0":1,"1":4,"2":4,"3":4,"4":1,"5":4,"6":1,"7":3,"8":1,"9":2,"10":2},"f":{"0":4,"1":1,"2":2},"b":{"0":[1,3],"1":[1,2],"2":[2,2]},"_coverageSchema":"1a1c01bbd47fc00a2c39e90264f33305004495a9","hash":"e6d547851789a2ff6e89fadcc803fae1b38074a5"}
,"/Users/jimmy/Documents/GitHub/ml-challenge/packages/items/src/services/items.service.ts": {"path":"/Users/jimmy/Documents/GitHub/ml-challenge/packages/items/src/services/items.service.ts","statementMap":{"0":{"start":{"line":5,"column":2},"end":{"line":5,"column":62}},"1":{"start":{"line":5,"column":56},"end":{"line":5,"column":60}}},"fnMap":{"0":{"name":"getItems","decl":{"start":{"line":4,"column":16},"end":{"line":4,"column":24}},"loc":{"start":{"line":4,"column":64},"end":{"line":6,"column":1}},"line":4},"1":{"name":"(anonymous_1)","decl":{"start":{"line":5,"column":42},"end":{"line":5,"column":43}},"loc":{"start":{"line":5,"column":56},"end":{"line":5,"column":60}},"line":5}},"branchMap":{},"s":{"0":2,"1":2},"f":{"0":2,"1":2},"b":{},"_coverageSchema":"1a1c01bbd47fc00a2c39e90264f33305004495a9","hash":"5c7453185f7aca0ce00ed0d7c42ffb4d6108c973"}
,"/Users/jimmy/Documents/GitHub/ml-challenge/packages/items/src/utilities/axiosApi.ts": {"path":"/Users/jimmy/Documents/GitHub/ml-challenge/packages/items/src/utilities/axiosApi.ts","statementMap":{"0":{"start":{"line":3,"column":24},"end":{"line":5,"column":2}}},"fnMap":{},"branchMap":{},"s":{"0":1},"f":{},"b":{},"_coverageSchema":"1a1c01bbd47fc00a2c39e90264f33305004495a9","hash":"993536f185753c79e091f2ee5b51db979cc778be"}
,"/Users/jimmy/Documents/GitHub/ml-challenge/packages/items/src/utilities/currencyFormatter.ts": {"path":"/Users/jimmy/Documents/GitHub/ml-challenge/packages/items/src/utilities/currencyFormatter.ts","statementMap":{"0":{"start":{"line":1,"column":27},"end":{"line":5,"column":1}},"1":{"start":{"line":6,"column":30},"end":{"line":17,"column":1}},"2":{"start":{"line":11,"column":25},"end":{"line":15,"column":4}},"3":{"start":{"line":16,"column":2},"end":{"line":16,"column":39}}},"fnMap":{"0":{"name":"(anonymous_0)","decl":{"start":{"line":6,"column":30},"end":{"line":6,"column":31}},"loc":{"start":{"line":10,"column":5},"end":{"line":17,"column":1}},"line":10}},"branchMap":{"0":{"loc":{"start":{"line":8,"column":2},"end":{"line":8,"column":48}},"type":"default-arg","locations":[{"start":{"line":8,"column":21},"end":{"line":8,"column":48}}],"line":8},"1":{"loc":{"start":{"line":9,"column":2},"end":{"line":9,"column":74}},"type":"default-arg","locations":[{"start":{"line":9,"column":34},"end":{"line":9,"column":74}}],"line":9}},"s":{"0":3,"1":3,"2":6,"3":6},"f":{"0":6},"b":{"0":[1],"1":[1]},"_coverageSchema":"1a1c01bbd47fc00a2c39e90264f33305004495a9","hash":"ea73b76e89324e1714ae418d9b59c018afe9a745"}
}
