TN:
SF:src/components/Breadcrumb/Breadcrumb.tsx
FN:9,(anonymous_0)
FN:14,(anonymous_1)
FNF:2
FNH:2
FNDA:4,(anonymous_0)
FNDA:7,(anonymous_1)
DA:9,2
DA:10,4
DA:12,3
DA:15,7
LF:4
LH:4
BRDA:10,0,0,1
BRDA:10,0,1,3
BRF:2
BRH:2
end_of_record
TN:
SF:src/components/RowItem/RowItem.tsx
FN:13,(anonymous_0)
FN:18,(anonymous_1)
FNF:2
FNH:2
FNDA:4,(anonymous_0)
FNDA:2,(anonymous_1)
DA:13,2
DA:14,4
DA:18,2
LF:3
LH:3
BRDA:32,0,0,4
BRDA:32,0,1,4
BRF:2
BRH:2
end_of_record
TN:
SF:src/hooks/useGetItems.tsx
FN:8,(anonymous_0)
FN:17,(anonymous_1)
FNF:2
FNH:2
FNDA:2,(anonymous_0)
FNDA:2,(anonymous_1)
DA:8,2
DA:13,2
DA:14,2
DA:15,2
DA:17,2
DA:18,2
DA:19,2
DA:22,2
LF:8
LH:8
BRDA:18,0,0,2
BRDA:18,0,1,0
BRF:2
BRH:1
end_of_record
TN:
SF:src/pages/ItemList/ItemList.page.tsx
FN:11,(anonymous_0)
FN:15,(anonymous_1)
FN:28,(anonymous_2)
FNF:3
FNH:3
FNDA:4,(anonymous_0)
FNDA:1,(anonymous_1)
FNDA:2,(anonymous_2)
DA:11,1
DA:12,4
DA:13,4
DA:15,4
DA:16,1
DA:19,4
DA:20,3
DA:21,1
DA:23,2
DA:29,2
LF:10
LH:10
BRDA:19,0,0,1
BRDA:19,0,1,3
BRDA:20,1,0,1
BRDA:20,1,1,2
BRDA:27,2,0,2
BRDA:27,2,1,2
BRF:6
BRH:6
end_of_record
TN:
SF:src/services/items.service.ts
FN:4,getItems
FN:5,(anonymous_1)
FNF:2
FNH:2
FNDA:2,getItems
FNDA:2,(anonymous_1)
DA:5,2
LF:1
LH:1
BRF:0
BRH:0
end_of_record
TN:
SF:src/utilities/axiosApi.ts
FNF:0
FNH:0
DA:3,1
LF:1
LH:1
BRF:0
BRH:0
end_of_record
TN:
SF:src/utilities/currencyFormatter.ts
FN:6,(anonymous_0)
FNF:1
FNH:1
FNDA:6,(anonymous_0)
DA:1,3
DA:6,3
DA:11,6
DA:16,6
LF:4
LH:4
BRDA:8,0,0,1
BRDA:9,1,0,1
BRF:2
BRH:2
end_of_record
